"../../../Engine/Content/Functions/Engine_MaterialFunctions01/Opacity/CameraDepthFade.uasset" 0
"../../../Engine/Content/EngineMaterials/T_Default_Material_Grid_M.uasset" 1
"../../../Engine/Content/EngineMaterials/T_Default_Material_Grid_N.uasset" 2
"../../../Engine/Content/EngineMaterials/WorldGridMaterial.uasset" 3
"../../../Engine/Content/ArtTools/RenderToTexture/Meshes/S_1_Unit_Plane.uasset" 4
"../../../Engine/Content/EngineMaterials/DefaultMaterial.uasset" 5
"../../../Engine/Content/BasicShapes/Cone.uasset" 6
"../../../Engine/Content/BasicShapes/Cube.uasset" 7
"../../../Engine/Content/BasicShapes/Cylinder.uasset" 8
"../../../Engine/Content/BasicShapes/Sphere.uasset" 9
"../../../Engine/Content/EngineDamageTypes/DmgTypeBP_Environmental.uasset" 10
"../../../Engine/Content/EngineDebugMaterials/HeatmapGradient.uasset" 11
"../../../Engine/Content/EngineDebugMaterials/BoneWeightMaterial.uasset" 12
"../../../Engine/Content/EngineDebugMaterials/ClothMaterial.uasset" 13
"../../../Engine/Content/EngineDebugMaterials/ClothMaterial_WF.uasset" 14
"../../../Engine/Content/EngineDebugMaterials/DebugEditorMaterial.uasset" 15
"../../../Engine/Content/EngineDebugMaterials/DebugMeshMaterial.uasset" 16
"../../../Engine/Content/EngineDebugMaterials/GeomMaterial.uasset" 17
"../../../Engine/Content/EngineDebugMaterials/M_SimpleTranslucent.uasset" 18
"../../../Engine/Content/EngineFonts/Faces/RobotoBold.uasset" 19
"../../../Engine/Content/EngineFonts/Faces/RobotoBoldItalic.uasset" 20
"../../../Engine/Content/EngineFonts/Faces/RobotoItalic.uasset" 21
"../../../Engine/Content/EngineFonts/Faces/RobotoLight.uasset" 22
"../../../Engine/Content/EngineFonts/Faces/RobotoRegular.uasset" 23
"../../../Engine/Content/EngineFonts/Roboto.uasset" 24
"../../../Engine/Content/EngineFonts/Faces/RobotoTiny.uasset" 25
"../../../Engine/Content/EngineFonts/RobotoTiny.uasset" 26
"../../../Engine/Content/EngineMaterials/BaseFlattenDiffuseMap.uasset" 27
"../../../Engine/Content/EngineMaterials/BaseFlattenEmissiveMap.uasset" 28
"../../../Engine/Content/EngineMaterials/BaseFlattenGrayscaleMap.uasset" 29
"../../../Engine/Content/EngineMaterials/BaseFlattenNormalMap.uasset" 30
"../../../Engine/Content/EngineMaterials/BaseFlattenMaterial.uasset" 31
"../../../Engine/Content/EngineMaterials/DefaultBloomKernel.uasset" 32
"../../../Engine/Content/EngineMaterials/DefaultBokeh.uasset" 33
"../../../Engine/Content/EngineMaterials/DefaultDiffuse.uasset" 34
"../../../Engine/Content/EngineMaterials/DefaultDeferredDecalMaterial.uasset" 35
"../../../Engine/Content/EngineMaterials/DefaultLightFunctionMaterial.uasset" 36
"../../../Engine/Content/EngineMaterials/DefaultPhysicalMaterial.uasset" 37
"../../../Engine/Content/Functions/Engine_MaterialFunctions02/Utility/BreakOutFloat2Components.uasset" 38
"../../../Engine/Content/EngineMaterials/DefaultPostProcessMaterial.uasset" 39
"../../../Engine/Content/EngineFonts/RobotoDistanceField.uasset" 40
"../../../Engine/Content/EngineMaterials/DefaultTextMaterialOpaque.uasset" 41
"../../../Engine/Content/EngineMaterials/DefaultWhiteGrid.uasset" 42
"../../../Engine/Content/EngineMaterials/EditorBrushMaterial.uasset" 43
"../../../Engine/Content/EngineMaterials/Good64x64TilingNoiseHighFreq.uasset" 44
"../../../Engine/Content/EngineMaterials/MiniFont.uasset" 45
"../../../Engine/Content/EngineMaterials/InvalidLightmapSettings.uasset" 46
"../../../Engine/Content/EngineMaterials/M_InvalidLightmapSettings.uasset" 47
"../../../Engine/Content/Functions/Engine_MaterialFunctions02/WorldPositionOffset/CameraOffset.uasset" 48
"../../../Engine/Content/EngineMaterials/PhAT_JointLimitMaterial.uasset" 49
"../../../Engine/Content/EngineMaterials/PreintegratedSkinBRDF.uasset" 50
"../../../Engine/Content/EngineMaterials/RemoveSurfaceMaterial.uasset" 51
"../../../Engine/Content/EngineMaterials/WeightMapPlaceholderTexture.uasset" 52
"../../../Engine/Content/EngineResources/WhiteSquareTexture.uasset" 53
"../../../Engine/Content/EngineMaterials/Widget3DPassThrough.uasset" 54
"../../../Engine/Content/EngineMaterials/Widget3DPassThrough_Masked.uasset" 55
"../../../Engine/Content/EngineMaterials/Widget3DPassThrough_Opaque.uasset" 56
"../../../Engine/Content/EngineMaterials/Widget3DPassThrough_Masked_OneSided.uasset" 57
"../../../Engine/Content/EngineMaterials/Widget3DPassThrough_Opaque_OneSided.uasset" 58
"../../../Engine/Content/EngineMaterials/Widget3DPassThrough_Translucent.uasset" 59
"../../../Engine/Content/EngineMaterials/Widget3DPassThrough_Translucent_OneSided.uasset" 60
"../../../Engine/Content/EngineMeshes/Cube.uasset" 61
"../../../Engine/Content/EngineMeshes/Cylinder.uasset" 62
"../../../Engine/Content/EngineMeshes/Sphere.uasset" 63
"../../../Engine/Content/EngineResources/Black.uasset" 64
"../../../Engine/Content/EngineResources/DefaultTexture.uasset" 65
"../../../Engine/Content/EngineResources/DefaultTextureCube.uasset" 66
"../../../Engine/Content/EngineResources/DefaultVolumeTexture2D.uasset" 67
"../../../Engine/Content/EngineResources/DefaultVolumeTexture.uasset" 68
"../../../Engine/Content/EngineResources/GradientTexture0.uasset" 69
"../../../Engine/Content/EngineSounds/Master.uasset" 70
"../../../Engine/Content/Functions/Engine_MaterialFunctions01/Shading/ConvertFromDiffSpec.uasset" 71
"../../../Engine/Content/Functions/Engine_MaterialFunctions01/Shading/PowerToRoughness.uasset" 72
"../../../Engine/Content/Maps/Templates/Thumbnails/Default.uasset" 73
"../../../Engine/Content/Maps/Templates/Thumbnails/VR-Basic.uasset" 74
"../../../Engine/Content/MobileResources/T_MobileControls_texture.uasset" 75
"../../../Engine/Content/MobileResources/T_MobileMenu2.uasset" 76
"../../../Engine/Content/MobileResources/HUD/AnalogHat.uasset" 77
"../../../Engine/Content/MobileResources/HUD/VirtualJoystick_Background.uasset" 78
"../../../Engine/Content/MobileResources/HUD/VirtualJoystick_Thumb.uasset" 79
"../../../Engine/Content/MobileResources/HUD/DefaultVirtualJoysticks.uasset" 80
"../../../Engine/Content/MobileResources/HUD/LeftVirtualJoystickOnly.uasset" 81
"../../../Engine/Content/MobileResources/HUD/MobileHUDButton1_off.uasset" 82
"../../../Engine/Content/MobileResources/HUD/MobileHUDButton1_on.uasset" 83
"../../../Engine/Content/MobileResources/HUD/MobileHUDButton2_off.uasset" 84
"../../../Engine/Content/MobileResources/HUD/MobileHUDButton2_on.uasset" 85
"../../../Engine/Content/MobileResources/HUD/MobileHUDButton3.uasset" 86
"../../../Engine/Content/MobileResources/HUD/MobileHUDButtonFire.uasset" 87
"../../../Engine/Content/MobileResources/HUD/MobileHUDDirectionPad.uasset" 88
"../../../Engine/Content/MobileResources/HUD/MobileHUDDirectionPad2.uasset" 89
"../../../Engine/Content/MobileResources/HUD/MobileHUDDirectionPad3.uasset" 90
"../../../Engine/Content/MobileResources/HUD/MobileHUDDirectionStick.uasset" 91
"../../../Engine/Content/MobileResources/HUD/T_Castle_ThumbstickInner.uasset" 92
"../../../Engine/Content/MobileResources/HUD/T_Castle_ThumbstickOutter.uasset" 93
"../../../Engine/Content/Tutorial/ContentIntroCurve.uasset" 94
"../../../Engine/Content/Tutorial/Basics/TutorialAssets/icon_tab_Levels_40x.uasset" 95
"../../../Engine/Content/Tutorial/BlueprintTutorials/TutorialAssets/Blueprint_64x.uasset" 96
"../../../Engine/Content/Tutorial/Mobile/TutorialAssets/android_Icon.uasset" 97
"../../../Engine/Content/Tutorial/SubEditors/TutorialAssets/TutorialMaterial.uasset" 98
"../../../Engine/Content/Tutorial/SubEditors/TutorialAssets/T_SmokeSubUV_8X8.uasset" 99
"../../../Engine/Content/Tutorial/SubEditors/TutorialAssets/T_soft_smoke.uasset" 100
"../../../Engine/Content/Tutorial/SubEditors/TutorialAssets/M_smoke_subUV_blackbody.uasset" 101
"../../../Engine/Content/Tutorial/SubEditors/TutorialAssets/TutorialParticleSystem.uasset" 102
"../../Plugins/2D/Paper2D/Content/PlaceholderTextures/DummySpriteTexture.uasset" 103
"../../Plugins/2D/Paper2D/Content/DummySprite.uasset" 104
"../../Plugins/2D/Paper2D/Content/DefaultPaperTerrainMaterial.uasset" 105
"../../Plugins/2D/Paper2D/Content/DefaultSpriteMaterial.uasset" 106
"../../Plugins/2D/Paper2D/Content/MaskedUnlitSpriteMaterial.uasset" 107
"../../Plugins/2D/Paper2D/Content/OpaqueUnlitSpriteMaterial.uasset" 108
"../../Plugins/Runtime/Oculus/OculusVR/Content/Materials/PokeAHoleMaterial.uasset" 109
"../../Plugins/Runtime/Oculus/OculusVR/Content/Textures/GearVRController_AO.uasset" 110
"../../Plugins/Runtime/Oculus/OculusVR/Content/Textures/GearVRController_Color.uasset" 111
"../../Plugins/Runtime/Oculus/OculusVR/Content/Textures/GearVRController_Normal.uasset" 112
"../../Plugins/Runtime/Oculus/OculusVR/Content/Materials/GearVRControllerMaterial.uasset" 113
"../../Plugins/Runtime/Oculus/OculusVR/Content/Meshes/GearVrController.uasset" 114
"../../Plugins/Runtime/Oculus/OculusVR/Content/Textures/touchController_albedo.uasset" 115
"../../Plugins/Runtime/Oculus/OculusVR/Content/Textures/touchController_controlmap.uasset" 116
"../../Plugins/Runtime/Oculus/OculusVR/Content/Materials/touchController_mat.uasset" 117
"../../Plugins/Runtime/Oculus/OculusVR/Content/Meshes/LeftTouchController.uasset" 118
"../../Plugins/Runtime/Oculus/OculusVR/Content/Meshes/RiftHMD.uasset" 119
"../../Plugins/Runtime/Oculus/OculusVR/Content/Meshes/RightTouchController.uasset" 120
"../../../Engine/Content/Functions/Engine_MaterialFunctions01/Gradient/LinearGradient.uasset" 121
"../../../../../../Users/nope/Desktop/GitRepos/UnrealStack/StackerGame 4.21/Content/Materials/TileMat.uasset" 122
"../../../../../../Users/nope/Desktop/GitRepos/UnrealStack/StackerGame 4.21/Content/Materials/BaseMat.uasset" 123
"../../../../../../Users/nope/Desktop/GitRepos/UnrealStack/StackerGame 4.21/Content/Materials/BaseMat_Inst.uasset" 124
"../../../../../../Users/nope/Desktop/GitRepos/UnrealStack/StackerGame 4.21/Content/Meshes/block.uasset" 125
"../../../../../../Users/nope/Desktop/GitRepos/UnrealStack/StackerGame 4.21/Content/Blueprints/NoPhysicsTile.uasset" 126
"../../../../../../Users/nope/Desktop/GitRepos/UnrealStack/StackerGame 4.21/Content/Blueprints/SaveGameBP.uasset" 127
"../../../../../../Users/nope/Desktop/GitRepos/UnrealStack/StackerGame 4.21/Content/Blueprints/Tile.uasset" 128
"../../../../../../Users/nope/Desktop/GitRepos/UnrealStack/StackerGame 4.21/Content/Blueprints/TileRemainder.uasset" 129
"../../../Engine/Content/EngineMaterials/BlendFunc_DefBase.uasset" 130
"../../../Engine/Content/EngineMaterials/BlendFunc_DefBlend.uasset" 131
"../../../Engine/Content/Functions/Engine_MaterialFunctions03/Blends/Blend_Darken.uasset" 132
"../../../../../../Users/nope/Desktop/GitRepos/UnrealStack/StackerGame 4.21/Content/Materials/GradientBackground.uasset" 133
"../../../Engine/Content/BasicShapes/Plane.uasset" 134
"../../../../../../Users/nope/Desktop/GitRepos/UnrealStack/StackerGame 4.21/Content/Blueprints/ButtonStyle.uasset" 135
"../../../Engine/Content/EngineFonts/Faces/DroidSansMono.uasset" 136
"../../../Engine/Content/EngineFonts/DroidSansMono.uasset" 137
"../../../../../../Users/nope/Desktop/GitRepos/UnrealStack/StackerGame 4.21/Content/Blueprints/ButtonText.uasset" 138
"../../../../../../Users/nope/Desktop/GitRepos/UnrealStack/StackerGame 4.21/Content/Blueprints/Button.uasset" 139
"../../../../../../Users/nope/Desktop/GitRepos/UnrealStack/StackerGame 4.21/Content/Sounds/buttonClick.uasset" 140
"../../../../../../Users/nope/Desktop/GitRepos/UnrealStack/StackerGame 4.21/Content/Sounds/MenuIn.uasset" 141
"../../../../../../Users/nope/Desktop/GitRepos/UnrealStack/StackerGame 4.21/Content/Sounds/switch.uasset" 142
"../../../../../../Users/nope/Desktop/GitRepos/UnrealStack/StackerGame 4.21/Content/Blueprints/OptionsMenu.uasset" 143
"../../../../../../Users/nope/Desktop/GitRepos/UnrealStack/StackerGame 4.21/Content/Sounds/MenuMusic.uasset" 144
"../../../../../../Users/nope/Desktop/GitRepos/UnrealStack/StackerGame 4.21/Content/Sounds/Possible_theme.uasset" 145
"../../../../../../Users/nope/Desktop/GitRepos/UnrealStack/StackerGame 4.21/Content/Sounds/Whoosh.uasset" 146
"../../../../../../Users/nope/Desktop/GitRepos/UnrealStack/StackerGame 4.21/Content/Blueprints/GameStartMenu.uasset" 147
"../../../../../../Users/nope/Desktop/GitRepos/UnrealStack/StackerGame 4.21/Content/Images/largeRedoButton.uasset" 148
"../../../../../../Users/nope/Desktop/GitRepos/UnrealStack/StackerGame 4.21/Content/Images/largeRedoButton2.uasset" 149
"../../../../../../Users/nope/Desktop/GitRepos/UnrealStack/StackerGame 4.21/Content/Blueprints/GameOverMenu.uasset" 150
"../../../../../../Users/nope/Desktop/GitRepos/UnrealStack/StackerGame 4.21/Content/Blueprints/NewHighScore.uasset" 151
"../../../../../../Users/nope/Desktop/GitRepos/UnrealStack/StackerGame 4.21/Content/Blueprints/ScoreCounter.uasset" 152
"../../../Engine/Content/Functions/Engine_MaterialFunctions01/Density/ExponentialDensity.uasset" 153
"../../../Engine/Content/Functions/Engine_MaterialFunctions01/Gradient/RadialGradientExponential.uasset" 154
"../../../../../../Users/nope/Desktop/GitRepos/UnrealStack/StackerGame 4.21/Content/Materials/Mat_RibbonSource.uasset" 155
"../../../../../../Users/nope/Desktop/GitRepos/UnrealStack/StackerGame 4.21/Content/Particles/RibbonParticles.uasset" 156
"../../../../../../Users/nope/Desktop/GitRepos/UnrealStack/StackerGame 4.21/Content/Sounds/GameOverSound.uasset" 157
"../../../../../../Users/nope/Desktop/GitRepos/UnrealStack/StackerGame 4.21/Content/Sounds/snap.uasset" 158
"../../../../../../Users/nope/Desktop/GitRepos/UnrealStack/StackerGame 4.21/Content/Sounds/Steel-Drum-C11.uasset" 159
"../../../../../../Users/nope/Desktop/GitRepos/UnrealStack/StackerGame 4.21/Content/Sounds/Steel-Drum-C4.uasset" 160
"../../../../../../Users/nope/Desktop/GitRepos/UnrealStack/StackerGame 4.21/Content/Sounds/Steel-Drum-C5.uasset" 161
"../../../../../../Users/nope/Desktop/GitRepos/UnrealStack/StackerGame 4.21/Content/Sounds/Steel-Drum-C6.uasset" 162
"../../../../../../Users/nope/Desktop/GitRepos/UnrealStack/StackerGame 4.21/Content/Sounds/Steel-Drum-C7.uasset" 163
"../../../../../../Users/nope/Desktop/GitRepos/UnrealStack/StackerGame 4.21/Content/Blueprints/StackSpawner.uasset" 164
"../../../../../../Users/nope/Desktop/GitRepos/UnrealStack/StackerGame 4.21/Content/Blueprints/TriggerBoxDespawner.uasset" 165
"../../../Engine/Content/EngineSky/C_Sky_Cloud_Color.uasset" 166
"../../../Engine/Content/EngineSky/C_Sky_Horizon_Color.uasset" 167
"../../../Engine/Content/EngineSky/C_Sky_Zenith_Color.uasset" 168
"../../../Engine/Content/EngineSky/T_Sky_Blue.uasset" 169
"../../../Engine/Content/EngineSky/T_Sky_Clouds_M.uasset" 170
"../../../Engine/Content/EngineSky/T_Sky_Stars.uasset" 171
"../../../Engine/Content/EngineSky/M_Sky_Panning_Clouds2.uasset" 172
"../../../Engine/Content/EngineSky/SM_SkySphere.uasset" 173
"../../../Engine/Content/EngineSky/BP_Sky_Sphere.uasset" 174
"../../../../../../Users/nope/Desktop/GitRepos/UnrealStack/StackerGame 4.21/Content/Maps/StackMap_BuiltData.uasset" 175
"../../../../../../Users/nope/Desktop/GitRepos/UnrealStack/StackerGame 4.21/Content/Maps/StackMap.umap" 176
"../../../Engine/Content/Maps/Entry_BuiltData.uasset" 177
"../../../Engine/Content/Maps/Entry.umap" 178
