Log file open, 01/03/19 12:00:30
LogWindows: Failed to load 'aqProf.dll' (GetLastError=126)
LogWindows: File 'aqProf.dll' does not exist
LogWindows: Failed to load 'VtuneApi.dll' (GetLastError=126)
LogWindows: File 'VtuneApi.dll' does not exist
LogWindows: Failed to load 'VtuneApi32e.dll' (GetLastError=126)
LogWindows: File 'VtuneApi32e.dll' does not exist
LogConsoleResponse: Display: Failed to find resolution value strings in scalability ini. Falling back to default.
LogInit: Display: Running engine for game: StackerGame
LogPakFile: Registered encryption key '00000000000000000000000000000000': 0 pak files mounted, 0 remain pending
LogPlatformFile: Not using cached read wrapper
LogTaskGraph: Started task graph with 5 named threads and 23 total threads with 3 sets of task threads.
LogStats: Stats thread started at 0.303895
LogD3D11RHI: Loaded GFSDK_Aftermath_Lib.x64.dll
LogICUInternationalization: ICU TimeZone Detection - Raw Offset: -5:00, Platform Override: ''
LogPluginManager: Mounting plugin Paper2D
LogPluginManager: Mounting plugin AISupport
LogPluginManager: Mounting plugin LightPropagationVolume
LogPluginManager: Mounting plugin ActorLayerUtilities
LogPluginManager: Mounting plugin CLionSourceCodeAccess
LogPluginManager: Mounting plugin CodeLiteSourceCodeAccess
LogPluginManager: Mounting plugin GitSourceControl
LogPluginManager: Mounting plugin KDevelopSourceCodeAccess
LogPluginManager: Mounting plugin NullSourceCodeAccess
LogPluginManager: Mounting plugin PerforceSourceControl
LogPluginManager: Mounting plugin SubversionSourceControl
LogPluginManager: Mounting plugin UObjectPlugin
LogPluginManager: Mounting plugin VisualStudioCodeSourceCodeAccess
LogPluginManager: Mounting plugin VisualStudioSourceCodeAccess
LogPluginManager: Mounting plugin XCodeSourceCodeAccess
LogPluginManager: Mounting plugin AssetManagerEditor
LogPluginManager: Mounting plugin CryptoKeys
LogPluginManager: Mounting plugin DataValidation
LogPluginManager: Mounting plugin FacialAnimation
LogPluginManager: Mounting plugin GameplayTagsEditor
LogPluginManager: Mounting plugin MacGraphicsSwitching
LogPluginManager: Mounting plugin MeshEditor
LogPluginManager: Mounting plugin MobileLauncherProfileWizard
LogPluginManager: Mounting plugin PluginBrowser
LogPluginManager: Mounting plugin SpeedTreeImporter
LogPluginManager: Mounting plugin DatasmithContent
LogPluginManager: Mounting plugin VariantManagerContent
LogPluginManager: Mounting plugin AlembicImporter
LogPluginManager: Mounting plugin AppleImageUtils
LogPluginManager: Mounting plugin AppleVision
LogPluginManager: Mounting plugin BackChannel
LogPluginManager: Mounting plugin CharacterAI
LogPluginManager: Mounting plugin GeometryCache
LogPluginManager: Mounting plugin HTML5Networking
LogPluginManager: Mounting plugin ProxyLODPlugin
LogPluginManager: Mounting plugin MagicLeap
LogPluginManager: Mounting plugin MagicLeapMedia
LogPluginManager: Mounting plugin AndroidMedia
LogPluginManager: Mounting plugin AvfMedia
LogPluginManager: Mounting plugin ImgMedia
LogPluginManager: Mounting plugin LinearTimecode
LogPluginManager: Mounting plugin MediaCompositing
LogPluginManager: Mounting plugin MediaPlayerEditor
LogPluginManager: Mounting plugin WebMMedia
LogPluginManager: Mounting plugin WmfMedia
LogPluginManager: Mounting plugin TcpMessaging
LogPluginManager: Mounting plugin UdpMessaging
LogPluginManager: Mounting plugin ActorSequence
LogPluginManager: Mounting plugin LevelSequenceEditor
LogPluginManager: Mounting plugin MatineeToLevelSequence
LogPluginManager: Mounting plugin NetcodeUnitTest
LogPluginManager: Mounting plugin NUTUnrealEngine4
LogPluginManager: Mounting plugin OnlineSubsystemGooglePlay
LogPluginManager: Mounting plugin OnlineSubsystemIOS
LogPluginManager: Mounting plugin OnlineSubsystem
LogPluginManager: Mounting plugin OnlineSubsystemNull
LogPluginManager: Mounting plugin OnlineSubsystemUtils
LogPluginManager: Mounting plugin LauncherChunkInstaller
LogPluginManager: Mounting plugin AndroidDeviceProfileSelector
LogPluginManager: Mounting plugin AndroidMoviePlayer
LogPluginManager: Mounting plugin AndroidPermission
LogPluginManager: Mounting plugin AppleMoviePlayer
LogPluginManager: Mounting plugin ArchVisCharacter
LogPluginManager: Mounting plugin AudioCapture
LogPluginManager: Mounting plugin CableComponent
LogPluginManager: Mounting plugin CustomMeshComponent
LogPluginManager: Mounting plugin EditableMesh
LogPluginManager: Mounting plugin ExampleDeviceProfileSelector
LogPluginManager: Mounting plugin Firebase
LogPluginManager: Mounting plugin GoogleCloudMessaging
LogPluginManager: Mounting plugin IOSDeviceProfileSelector
LogPluginManager: Mounting plugin LinuxDeviceProfileSelector
LogPluginManager: Mounting plugin LocationServicesBPLibrary
LogPluginManager: Mounting plugin MobilePatchingUtils
LogPluginManager: Mounting plugin OculusVR
LogPluginManager: Mounting plugin PhysXVehicles
LogPluginManager: Mounting plugin ProceduralMeshComponent
LogPluginManager: Mounting plugin RuntimePhysXCooking
LogPluginManager: Mounting plugin SteamVR
LogPluginManager: Mounting plugin WebMMoviePlayer
LogPluginManager: Mounting plugin WindowsMoviePlayer
LogStreaming: Display: Took  0.107s to configure plugins.
LogInit: Using libcurl 7.55.1-DEV
LogInit:  - built for x86_64-pc-win32
LogInit:  - supports SSL with OpenSSL/1.0.2h
LogInit:  - supports HTTP deflate (compression) using libz 1.2.8
LogInit:  - other features:
LogInit:      CURL_VERSION_SSL
LogInit:      CURL_VERSION_LIBZ
LogInit:      CURL_VERSION_IPV6
LogInit:      CURL_VERSION_ASYNCHDNS
LogInit:      CURL_VERSION_LARGEFILE
LogInit:      CURL_VERSION_IDN
LogInit:  CurlRequestOptions (configurable via config and command line):
LogInit:  - bVerifyPeer = true  - Libcurl will verify peer certificate
LogInit:  - bUseHttpProxy = false  - Libcurl will NOT use HTTP proxy
LogInit:  - bDontReuseConnections = false  - Libcurl will reuse connections
LogInit:  - MaxHostConnections = 16  - Libcurl will limit the number of connections to a host
LogInit:  - LocalHostAddr = Default
LogInit:  - BufferSize = 65536
LogInit: WinSock: version 1.1 (2.2), MaxSocks=32767, MaxUdp=65467
LogInit: Build: ++UE4+Release-4.21-CL-4613538
LogInit: Engine Version: 4.21.1-4613538+++UE4+Release-4.21
LogInit: Compatible Engine Version: 4.21.0-4541578+++UE4+Release-4.21
LogInit: Net CL: 4541578
LogInit: OS: Windows 10 (), CPU: Intel(R) Core(TM) i7-7700HQ CPU @ 2.80GHz, GPU: Intel(R) HD Graphics 630
LogInit: Compiled (64-bit): Nov 30 2018 04:13:25
LogInit: Compiled with Visual C++: 19.13.26129.00
LogInit: Build Configuration: Development
LogInit: Branch Name: ++UE4+Release-4.21
LogInit: Command Line:  -EpicPortal -epicusername=geekTechnique -epicuserid=f07ec2100ff54539b47ba7d2e550d7d3 -epiclocale=en-US
LogInit: Base Directory: C:/Program Files/Epic Games/UE_4.21/Engine/Binaries/Win64/
LogInit: Installed Engine Build: 1
LogDevObjectVersion: Number of dev versions registered: 22
LogDevObjectVersion:   Dev-Blueprints (B0D832E4-1F89-4F0D-ACCF-7EB736FD4AA2): 10
LogDevObjectVersion:   Dev-Build (E1C64328-A22C-4D53-A36C-8E866417BD8C): 0
LogDevObjectVersion:   Dev-Core (375EC13C-06E4-48FB-B500-84F0262A717E): 2
LogDevObjectVersion:   Dev-Editor (E4B068ED-F494-42E9-A231-DA0B2E46BB41): 26
LogDevObjectVersion:   Dev-Framework (CFFC743F-43B0-4480-9391-14DF171D2073): 34
LogDevObjectVersion:   Dev-Mobile (B02B49B5-BB20-44E9-A304-32B752E40360): 2
LogDevObjectVersion:   Dev-Networking (A4E4105C-59A1-49B5-A7C5-40C4547EDFEE): 0
LogDevObjectVersion:   Dev-Online (39C831C9-5AE6-47DC-9A44-9C173E1C8E7C): 0
LogDevObjectVersion:   Dev-Physics (78F01B33-EBEA-4F98-B9B4-84EACCB95AA2): 0
LogDevObjectVersion:   Dev-Platform (6631380F-2D4D-43E0-8009-CF276956A95A): 0
LogDevObjectVersion:   Dev-Rendering (12F88B9F-8875-4AFC-A67C-D90C383ABD29): 27
LogDevObjectVersion:   Dev-Sequencer (7B5AE74C-D270-4C10-A958-57980B212A5A): 9
LogDevObjectVersion:   Dev-VR (D7296918-1DD6-4BDD-9DE2-64A83CC13884): 2
LogDevObjectVersion:   Dev-LoadTimes (C2A15278-BFE7-4AFE-6C17-90FF531DF755): 1
LogDevObjectVersion:   Private-Geometry (6EACA3D4-40EC-4CC1-B786-8BED09428FC5): 3
LogDevObjectVersion:   Dev-AnimPhys (29E575DD-E0A3-4627-9D10-D276232CDCEA): 17
LogDevObjectVersion:   Dev-Anim (AF43A65D-7FD3-4947-9873-3E8ED9C1BB05): 2
LogDevObjectVersion:   Dev-ReflectionCapture (6B266CEC-1EC7-4B8F-A30B-E4D90942FC07): 1
LogDevObjectVersion:   Dev-Automation (0DF73D61-A23F-47EA-B727-89E90C41499A): 1
LogDevObjectVersion:   FortniteMain (601D1886-AC64-4F84-AA16-D3DE0DEAC7D6): 17
LogDevObjectVersion:   Dev-Enterprise (9DFFBCD6-494F-0158-E221-12823C92A888): 4
LogDevObjectVersion:   Dev-Niagara (F2AED0AC-9AFE-416F-8664-AA7FFA26D6FC): 1
LogStreaming: Display: Took  0.002s to delete old logs.
LogInit: Presizing for max 8388607 objects, including 0 objects not considered by GC, pre-allocating 0 bytes for permanent pool.
LogInit: Object subsystem initialized
LogConfig: Setting CVar [[con.DebugEarlyDefault:1]]
LogConfig: Setting CVar [[r.setres:1280x720]]
[2019.01.03-17.00.30:666][  0]LogConfig: Setting CVar [[r.VSync:0]]
[2019.01.03-17.00.30:666][  0]LogConfig: Setting CVar [[r.RHICmdBypass:0]]
[2019.01.03-17.00.30:666][  0]LogConfig: Applying CVar settings from Section [/Script/Engine.RendererSettings] File [C:/Users/nope/Desktop/GitRepos/UnrealStack/StackerGame 4.21/Saved/Config/Windows/Engine.ini]
[2019.01.03-17.00.30:666][  0]LogConfig: Setting CVar [[r.GPUCrashDebugging:0]]
[2019.01.03-17.00.30:666][  0]LogConfig: Setting CVar [[r.MobileHDR:0]]
[2019.01.03-17.00.30:666][  0]LogConfig: Setting CVar [[r.Mobile.DisableVertexFog:1]]
[2019.01.03-17.00.30:666][  0]LogConfig: Setting CVar [[r.Shadow.CSM.MaxMobileCascades:2]]
[2019.01.03-17.00.30:666][  0]LogConfig: Setting CVar [[r.MobileMSAA:1]]
[2019.01.03-17.00.30:666][  0]LogConfig: Setting CVar [[r.DiscardUnusedQuality:0]]
[2019.01.03-17.00.30:666][  0]LogConfig: Setting CVar [[r.AllowOcclusionQueries:1]]
[2019.01.03-17.00.30:666][  0]LogConfig: Setting CVar [[r.MinScreenRadiusForLights:0.030000]]
[2019.01.03-17.00.30:666][  0]LogConfig: Setting CVar [[r.MinScreenRadiusForDepthPrepass:0.030000]]
[2019.01.03-17.00.30:667][  0]LogConfig: Setting CVar [[r.MinScreenRadiusForCSMDepth:0.010000]]
[2019.01.03-17.00.30:667][  0]LogConfig: Setting CVar [[r.PrecomputedVisibilityWarning:0]]
[2019.01.03-17.00.30:667][  0]LogConfig: Setting CVar [[r.TextureStreaming:1]]
[2019.01.03-17.00.30:667][  0]LogConfig: Setting CVar [[Compat.UseDXT5NormalMaps:0]]
[2019.01.03-17.00.30:667][  0]LogConfig: Setting CVar [[r.ClearCoatNormal:0]]
[2019.01.03-17.00.30:667][  0]LogConfig: Setting CVar [[r.ReflectionCaptureResolution:128]]
[2019.01.03-17.00.30:667][  0]LogConfig: Setting CVar [[r.ReflectionEnvironmentLightmapMixBasedOnRoughness:1]]
[2019.01.03-17.00.30:667][  0]LogConfig: Setting CVar [[r.ForwardShading:0]]
[2019.01.03-17.00.30:667][  0]LogConfig: Setting CVar [[r.VertexFoggingForOpaque:1]]
[2019.01.03-17.00.30:667][  0]LogConfig: Setting CVar [[r.AllowStaticLighting:1]]
[2019.01.03-17.00.30:667][  0]LogConfig: Setting CVar [[r.NormalMapsForStaticLighting:0]]
[2019.01.03-17.00.30:667][  0]LogConfig: Setting CVar [[r.GenerateMeshDistanceFields:0]]
[2019.01.03-17.00.30:667][  0]LogConfig: Setting CVar [[r.DistanceFieldBuild.EightBit:0]]
[2019.01.03-17.00.30:667][  0]LogConfig: Setting CVar [[r.GenerateLandscapeGIData:0]]
[2019.01.03-17.00.30:667][  0]LogConfig: Setting CVar [[r.DistanceFieldBuild.Compress:0]]
[2019.01.03-17.00.30:667][  0]LogConfig: Setting CVar [[r.TessellationAdaptivePixelsPerTriangle:48.000000]]
[2019.01.03-17.00.30:667][  0]LogConfig: Setting CVar [[r.SeparateTranslucency:0]]
[2019.01.03-17.00.30:667][  0]LogConfig: Setting CVar [[r.TranslucentSortPolicy:0]]
[2019.01.03-17.00.30:667][  0]LogConfig: Setting CVar [[r.CustomDepth:1]]
[2019.01.03-17.00.30:667][  0]LogConfig: Setting CVar [[r.CustomDepthTemporalAAJitter:1]]
[2019.01.03-17.00.30:667][  0]LogConfig: Setting CVar [[r.PostProcessing.PropagateAlpha:1]]
[2019.01.03-17.00.30:667][  0]LogConfig: Setting CVar [[r.DefaultFeature.Bloom:0]]
[2019.01.03-17.00.30:667][  0]LogConfig: Setting CVar [[r.DefaultFeature.AmbientOcclusion:0]]
[2019.01.03-17.00.30:667][  0]LogConfig: Setting CVar [[r.DefaultFeature.AmbientOcclusionStaticFraction:1]]
[2019.01.03-17.00.30:667][  0]LogConfig: Setting CVar [[r.DefaultFeature.AutoExposure:0]]
[2019.01.03-17.00.30:667][  0]LogConfig: Setting CVar [[r.DefaultFeature.AutoExposure.Method:0]]
[2019.01.03-17.00.30:667][  0]LogConfig: Setting CVar [[r.DefaultFeature.MotionBlur:0]]
[2019.01.03-17.00.30:667][  0]LogConfig: Setting CVar [[r.DefaultFeature.LensFlare:0]]
[2019.01.03-17.00.30:667][  0]LogConfig: Setting CVar [[r.DefaultFeature.AntiAliasing:0]]
[2019.01.03-17.00.30:667][  0]LogConfig: Setting CVar [[r.Shadow.UnbuiltPreviewInGame:1]]
[2019.01.03-17.00.30:667][  0]LogConfig: Setting CVar [[r.StencilForLODDither:0]]
[2019.01.03-17.00.30:667][  0]LogConfig: Setting CVar [[r.EarlyZPass:3]]
[2019.01.03-17.00.30:667][  0]LogConfig: Setting CVar [[r.EarlyZPassMovable:1]]
[2019.01.03-17.00.30:667][  0]LogConfig: Setting CVar [[r.EarlyZPassOnlyMaterialMasking:0]]
[2019.01.03-17.00.30:667][  0]LogConfig: Setting CVar [[r.DBuffer:1]]
[2019.01.03-17.00.30:667][  0]LogConfig: Setting CVar [[r.ClearSceneMethod:1]]
[2019.01.03-17.00.30:667][  0]LogConfig: Setting CVar [[r.BasePassOutputsVelocity:0]]
[2019.01.03-17.00.30:667][  0]LogConfig: Setting CVar [[r.SelectiveBasePassOutputs:0]]
[2019.01.03-17.00.30:667][  0]LogConfig: Setting CVar [[r.AllowGlobalClipPlane:0]]
[2019.01.03-17.00.30:667][  0]LogConfig: Setting CVar [[r.GBufferFormat:1]]
[2019.01.03-17.00.30:667][  0]LogConfig: Setting CVar [[r.MorphTarget.Mode:1]]
[2019.01.03-17.00.30:667][  0]LogConfig: Setting CVar [[vr.InstancedStereo:0]]
[2019.01.03-17.00.30:667][  0]LogConfig: Setting CVar [[vr.MultiView:0]]
[2019.01.03-17.00.30:667][  0]LogConfig: Setting CVar [[vr.MobileMultiView:0]]
[2019.01.03-17.00.30:667][  0]LogConfig: Setting CVar [[vr.MobileMultiView.Direct:0]]
[2019.01.03-17.00.30:667][  0]LogConfig: Setting CVar [[vr.MonoscopicFarField:0]]
[2019.01.03-17.00.30:667][  0]LogConfig: Setting CVar [[r.WireframeCullThreshold:5.000000]]
[2019.01.03-17.00.30:667][  0]LogConfig: Setting CVar [[r.SupportStationarySkylight:1]]
[2019.01.03-17.00.30:667][  0]LogConfig: Setting CVar [[r.SupportLowQualityLightmaps:1]]
[2019.01.03-17.00.30:667][  0]LogConfig: Setting CVar [[r.SupportPointLightWholeSceneShadows:1]]
[2019.01.03-17.00.30:667][  0]LogConfig: Setting CVar [[r.SupportAtmosphericFog:1]]
[2019.01.03-17.00.30:667][  0]LogConfig: Setting CVar [[r.SkinCache.CompileShaders:0]]
[2019.01.03-17.00.30:667][  0]LogConfig: Setting CVar [[r.Mobile.EnableStaticAndCSMShadowReceivers:1]]
[2019.01.03-17.00.30:667][  0]LogConfig: Setting CVar [[r.Mobile.AllowDistanceFieldShadows:1]]
[2019.01.03-17.00.30:667][  0]LogConfig: Setting CVar [[r.Mobile.AllowMovableDirectionalLights:1]]
[2019.01.03-17.00.30:667][  0]LogConfig: Setting CVar [[r.MobileNumDynamicPointLights:4]]
[2019.01.03-17.00.30:667][  0]LogConfig: Setting CVar [[r.MobileDynamicPointLightsUseStaticBranch:1]]
[2019.01.03-17.00.30:667][  0]LogConfig: Setting CVar [[r.SkinCache.SceneMemoryLimitInMB:128.000000]]
[2019.01.03-17.00.30:667][  0]LogConfig: Setting CVar [[r.GPUSkin.Limit2BoneInfluences:0]]
[2019.01.03-17.00.30:667][  0]LogConfig: Setting CVar [[r.SupportDepthOnlyIndexBuffers:1]]
[2019.01.03-17.00.30:667][  0]LogConfig: Setting CVar [[r.SupportReversedIndexBuffers:1]]
[2019.01.03-17.00.30:667][  0]LogConfig: Applying CVar settings from Section [/Script/Engine.RendererOverrideSettings] File [C:/Users/nope/Desktop/GitRepos/UnrealStack/StackerGame 4.21/Saved/Config/Windows/Engine.ini]
[2019.01.03-17.00.30:667][  0]LogConfig: Applying CVar settings from Section [/Script/Engine.StreamingSettings] File [C:/Users/nope/Desktop/GitRepos/UnrealStack/StackerGame 4.21/Saved/Config/Windows/Engine.ini]
[2019.01.03-17.00.30:667][  0]LogConfig: Setting CVar [[s.MinBulkDataSizeForAsyncLoading:131072]]
[2019.01.03-17.00.30:668][  0]LogConfig: Setting CVar [[s.AsyncLoadingThreadEnabled:0]]
[2019.01.03-17.00.30:668][  0]LogConfig: Setting CVar [[s.EventDrivenLoaderEnabled:1]]
[2019.01.03-17.00.30:668][  0]LogConfig: Setting CVar [[s.WarnIfTimeLimitExceeded:0]]
[2019.01.03-17.00.30:668][  0]LogConfig: Setting CVar [[s.TimeLimitExceededMultiplier:1.5]]
[2019.01.03-17.00.30:668][  0]LogConfig: Setting CVar [[s.TimeLimitExceededMinTime:0.005]]
[2019.01.03-17.00.30:668][  0]LogConfig: Setting CVar [[s.UseBackgroundLevelStreaming:1]]
[2019.01.03-17.00.30:668][  0]LogConfig: Setting CVar [[s.PriorityAsyncLoadingExtraTime:15.0]]
[2019.01.03-17.00.30:668][  0]LogConfig: Setting CVar [[s.LevelStreamingActorsUpdateTimeLimit:5.0]]
[2019.01.03-17.00.30:668][  0]LogConfig: Setting CVar [[s.PriorityLevelStreamingActorsUpdateExtraTime:5.0]]
[2019.01.03-17.00.30:668][  0]LogConfig: Setting CVar [[s.LevelStreamingComponentsRegistrationGranularity:10]]
[2019.01.03-17.00.30:668][  0]LogConfig: Setting CVar [[s.UnregisterComponentsTimeLimit:1.0]]
[2019.01.03-17.00.30:668][  0]LogConfig: Setting CVar [[s.LevelStreamingComponentsUnregistrationGranularity:5]]
[2019.01.03-17.00.30:668][  0]LogConfig: Applying CVar settings from Section [/Script/Engine.GarbageCollectionSettings] File [C:/Users/nope/Desktop/GitRepos/UnrealStack/StackerGame 4.21/Saved/Config/Windows/Engine.ini]
[2019.01.03-17.00.30:668][  0]LogConfig: Setting CVar [[gc.MaxObjectsNotConsideredByGC:1]]
[2019.01.03-17.00.30:668][  0]LogConfig: Setting CVar [[gc.SizeOfPermanentObjectPool:0]]
[2019.01.03-17.00.30:668][  0]LogConfig: Setting CVar [[gc.FlushStreamingOnGC:0]]
[2019.01.03-17.00.30:668][  0]LogConfig: Setting CVar [[gc.NumRetriesBeforeForcingGC:10]]
[2019.01.03-17.00.30:668][  0]LogConfig: Setting CVar [[gc.AllowParallelGC:1]]
[2019.01.03-17.00.30:668][  0]LogConfig: Setting CVar [[gc.TimeBetweenPurgingPendingKillObjects:61.1]]
[2019.01.03-17.00.30:668][  0]LogConfig: Setting CVar [[gc.MaxObjectsInEditor:8388607]]
[2019.01.03-17.00.30:668][  0]LogConfig: Setting CVar [[gc.IncrementalBeginDestroyEnabled:1]]
[2019.01.03-17.00.30:668][  0]LogConfig: Setting CVar [[gc.CreateGCClusters:1]]
[2019.01.03-17.00.30:668][  0]LogConfig: Setting CVar [[gc.MergeGCClusters:0]]
[2019.01.03-17.00.30:668][  0]LogConfig: Setting CVar [[gc.MinGCClusterSize:5]]
[2019.01.03-17.00.30:668][  0]LogConfig: Setting CVar [[gc.ActorClusteringEnabled:0]]
[2019.01.03-17.00.30:668][  0]LogConfig: Setting CVar [[gc.BlueprintClusteringEnabled:0]]
[2019.01.03-17.00.30:668][  0]LogConfig: Setting CVar [[gc.UseDisregardForGCOnDedicatedServers:0]]
[2019.01.03-17.00.30:668][  0]LogConfig: Applying CVar settings from Section [/Script/Engine.NetworkSettings] File [C:/Users/nope/Desktop/GitRepos/UnrealStack/StackerGame 4.21/Saved/Config/Windows/Engine.ini]
[2019.01.03-17.00.30:668][  0]LogConfig: Applying CVar settings from Section [/Script/UnrealEd.CookerSettings] File [C:/Users/nope/Desktop/GitRepos/UnrealStack/StackerGame 4.21/Saved/Config/Windows/Engine.ini]
[2019.01.03-17.00.30:678][  0]LogConfig: Applying CVar settings from Section [ViewDistanceQuality@3] File [C:/Users/nope/Desktop/GitRepos/UnrealStack/StackerGame 4.21/Saved/Config/Windows/Scalability.ini]
[2019.01.03-17.00.30:678][  0]LogConfig: Setting CVar [[r.SkeletalMeshLODBias:0]]
[2019.01.03-17.00.30:678][  0]LogConfig: Setting CVar [[r.ViewDistanceScale:1.0]]
[2019.01.03-17.00.30:678][  0]LogConfig: Applying CVar settings from Section [AntiAliasingQuality@3] File [C:/Users/nope/Desktop/GitRepos/UnrealStack/StackerGame 4.21/Saved/Config/Windows/Scalability.ini]
[2019.01.03-17.00.30:678][  0]LogConfig: Setting CVar [[r.PostProcessAAQuality:4]]
[2019.01.03-17.00.30:678][  0]LogConfig: Applying CVar settings from Section [ShadowQuality@3] File [C:/Users/nope/Desktop/GitRepos/UnrealStack/StackerGame 4.21/Saved/Config/Windows/Scalability.ini]
[2019.01.03-17.00.30:678][  0]LogConfig: Setting CVar [[r.LightFunctionQuality:1]]
[2019.01.03-17.00.30:678][  0]LogConfig: Setting CVar [[r.ShadowQuality:5]]
[2019.01.03-17.00.30:678][  0]LogConfig: Setting CVar [[r.Shadow.CSM.MaxCascades:10]]
[2019.01.03-17.00.30:678][  0]LogConfig: Setting CVar [[r.Shadow.MaxResolution:2048]]
[2019.01.03-17.00.30:678][  0]LogConfig: Setting CVar [[r.Shadow.MaxCSMResolution:2048]]
[2019.01.03-17.00.30:678][  0]LogConfig: Setting CVar [[r.Shadow.RadiusThreshold:0.01]]
[2019.01.03-17.00.30:678][  0]LogConfig: Setting CVar [[r.Shadow.DistanceScale:1.0]]
[2019.01.03-17.00.30:678][  0]LogConfig: Setting CVar [[r.Shadow.CSM.TransitionScale:1.0]]
[2019.01.03-17.00.30:678][  0]LogConfig: Setting CVar [[r.Shadow.PreShadowResolutionFactor:1.0]]
[2019.01.03-17.00.30:678][  0]LogConfig: Setting CVar [[r.DistanceFieldShadowing:1]]
[2019.01.03-17.00.30:678][  0]LogConfig: Setting CVar [[r.DistanceFieldAO:1]]
[2019.01.03-17.00.30:678][  0]LogConfig: Setting CVar [[r.AOQuality:2]]
[2019.01.03-17.00.30:678][  0]LogConfig: Setting CVar [[r.VolumetricFog:1]]
[2019.01.03-17.00.30:678][  0]LogConfig: Setting CVar [[r.VolumetricFog.GridPixelSize:8]]
[2019.01.03-17.00.30:678][  0]LogConfig: Setting CVar [[r.VolumetricFog.GridSizeZ:128]]
[2019.01.03-17.00.30:678][  0]LogConfig: Setting CVar [[r.VolumetricFog.HistoryMissSupersampleCount:4]]
[2019.01.03-17.00.30:678][  0]LogConfig: Setting CVar [[r.LightMaxDrawDistanceScale:1]]
[2019.01.03-17.00.30:678][  0]LogConfig: Setting CVar [[r.CapsuleShadows:1]]
[2019.01.03-17.00.30:678][  0]LogConfig: Applying CVar settings from Section [PostProcessQuality@3] File [C:/Users/nope/Desktop/GitRepos/UnrealStack/StackerGame 4.21/Saved/Config/Windows/Scalability.ini]
[2019.01.03-17.00.30:678][  0]LogConfig: Setting CVar [[r.MotionBlurQuality:4]]
[2019.01.03-17.00.30:678][  0]LogConfig: Setting CVar [[r.AmbientOcclusionMipLevelFactor:0.4]]
[2019.01.03-17.00.30:678][  0]LogConfig: Setting CVar [[r.AmbientOcclusionMaxQuality:100]]
[2019.01.03-17.00.30:678][  0]LogConfig: Setting CVar [[r.AmbientOcclusionLevels:-1]]
[2019.01.03-17.00.30:678][  0]LogConfig: Setting CVar [[r.AmbientOcclusionRadiusScale:1.0]]
[2019.01.03-17.00.30:678][  0]LogConfig: Setting CVar [[r.DepthOfFieldQuality:2]]
[2019.01.03-17.00.30:678][  0]LogConfig: Setting CVar [[r.RenderTargetPoolMin:400]]
[2019.01.03-17.00.30:678][  0]LogConfig: Setting CVar [[r.LensFlareQuality:2]]
[2019.01.03-17.00.30:678][  0]LogConfig: Setting CVar [[r.SceneColorFringeQuality:1]]
[2019.01.03-17.00.30:678][  0]LogConfig: Setting CVar [[r.EyeAdaptationQuality:2]]
[2019.01.03-17.00.30:678][  0]LogConfig: Setting CVar [[r.BloomQuality:5]]
[2019.01.03-17.00.30:678][  0]LogConfig: Setting CVar [[r.FastBlurThreshold:100]]
[2019.01.03-17.00.30:678][  0]LogConfig: Setting CVar [[r.Upscale.Quality:3]]
[2019.01.03-17.00.30:678][  0]LogConfig: Setting CVar [[r.Tonemapper.GrainQuantization:1]]
[2019.01.03-17.00.30:678][  0]LogConfig: Setting CVar [[r.LightShaftQuality:1]]
[2019.01.03-17.00.30:678][  0]LogConfig: Setting CVar [[r.Filter.SizeScale:1]]
[2019.01.03-17.00.30:678][  0]LogConfig: Setting CVar [[r.Tonemapper.Quality:5]]
[2019.01.03-17.00.30:678][  0]LogConfig: Setting CVar [[r.DOF.Gather.AccumulatorQuality:1        ; higher gathering accumulator quality]]
[2019.01.03-17.00.30:678][  0]LogConfig: Setting CVar [[r.DOF.Gather.PostfilterMethod:1          ; Median3x3 postfilering method]]
[2019.01.03-17.00.30:678][  0]LogConfig: Setting CVar [[r.DOF.Gather.EnableBokehSettings:0       ; no bokeh simulation when gathering]]
[2019.01.03-17.00.30:678][  0]LogConfig: Setting CVar [[r.DOF.Gather.RingCount:4                 ; medium number of samples when gathering]]
[2019.01.03-17.00.30:678][  0]LogConfig: Setting CVar [[r.DOF.Scatter.ForegroundCompositing:1    ; additive foreground scattering]]
[2019.01.03-17.00.30:678][  0]LogConfig: Setting CVar [[r.DOF.Scatter.BackgroundCompositing:2    ; additive background scattering]]
[2019.01.03-17.00.30:678][  0]LogConfig: Setting CVar [[r.DOF.Scatter.EnableBokehSettings:1      ; bokeh simulation when scattering]]
[2019.01.03-17.00.30:679][  0]LogConfig: Setting CVar [[r.DOF.Scatter.MaxSpriteRatio:0.1         ; only a maximum of 10% of scattered bokeh]]
[2019.01.03-17.00.30:679][  0]LogConfig: Setting CVar [[r.DOF.Recombine.Quality:1                ; cheap slight out of focus]]
[2019.01.03-17.00.30:679][  0]LogConfig: Setting CVar [[r.DOF.Recombine.EnableBokehSettings:0    ; no bokeh simulation on slight out of focus]]
[2019.01.03-17.00.30:679][  0]LogConfig: Setting CVar [[r.DOF.TemporalAAQuality:1                ; more stable temporal accumulation]]
[2019.01.03-17.00.30:679][  0]LogConfig: Setting CVar [[r.DOF.Kernel.MaxForegroundRadius:0.025]]
[2019.01.03-17.00.30:679][  0]LogConfig: Setting CVar [[r.DOF.Kernel.MaxBackgroundRadius:0.025]]
[2019.01.03-17.00.30:679][  0]LogConfig: Applying CVar settings from Section [TextureQuality@3] File [C:/Users/nope/Desktop/GitRepos/UnrealStack/StackerGame 4.21/Saved/Config/Windows/Scalability.ini]
[2019.01.03-17.00.30:679][  0]LogConfig: Setting CVar [[r.Streaming.MipBias:0]]
[2019.01.03-17.00.30:679][  0]LogConfig: Setting CVar [[r.Streaming.AmortizeCPUToGPUCopy:0]]
[2019.01.03-17.00.30:679][  0]LogConfig: Setting CVar [[r.Streaming.MaxNumTexturesToStreamPerFrame:0]]
[2019.01.03-17.00.30:679][  0]LogConfig: Setting CVar [[r.Streaming.Boost:1]]
[2019.01.03-17.00.30:679][  0]LogConfig: Setting CVar [[r.MaxAnisotropy:8]]
[2019.01.03-17.00.30:679][  0]LogConfig: Setting CVar [[r.Streaming.LimitPoolSizeToVRAM:0]]
[2019.01.03-17.00.30:679][  0]LogConfig: Setting CVar [[r.Streaming.PoolSize:1000]]
[2019.01.03-17.00.30:679][  0]LogConfig: Setting CVar [[r.Streaming.MaxEffectiveScreenSize:0]]
[2019.01.03-17.00.30:679][  0]LogConfig: Applying CVar settings from Section [EffectsQuality@3] File [C:/Users/nope/Desktop/GitRepos/UnrealStack/StackerGame 4.21/Saved/Config/Windows/Scalability.ini]
[2019.01.03-17.00.30:679][  0]LogConfig: Setting CVar [[r.TranslucencyLightingVolumeDim:64]]
[2019.01.03-17.00.30:679][  0]LogConfig: Setting CVar [[r.RefractionQuality:2]]
[2019.01.03-17.00.30:679][  0]LogConfig: Setting CVar [[r.SSR.Quality:3]]
[2019.01.03-17.00.30:679][  0]LogConfig: Setting CVar [[r.SceneColorFormat:4]]
[2019.01.03-17.00.30:679][  0]LogConfig: Setting CVar [[r.DetailMode:2]]
[2019.01.03-17.00.30:679][  0]LogConfig: Setting CVar [[r.TranslucencyVolumeBlur:1]]
[2019.01.03-17.00.30:679][  0]LogConfig: Setting CVar [[r.MaterialQualityLevel:1 ; High quality]]
[2019.01.03-17.00.30:679][  0]LogConfig: Setting CVar [[r.SSS.Scale:1]]
[2019.01.03-17.00.30:679][  0]LogConfig: Setting CVar [[r.SSS.SampleSet:2]]
[2019.01.03-17.00.30:679][  0]LogConfig: Setting CVar [[r.SSS.Quality:1]]
[2019.01.03-17.00.30:679][  0]LogConfig: Setting CVar [[r.SSS.HalfRes:1]]
[2019.01.03-17.00.30:679][  0]LogConfig: Setting CVar [[r.EmitterSpawnRateScale:1.0]]
[2019.01.03-17.00.30:679][  0]LogConfig: Setting CVar [[r.ParticleLightQuality:2]]
[2019.01.03-17.00.30:679][  0]LogConfig: Applying CVar settings from Section [FoliageQuality@3] File [C:/Users/nope/Desktop/GitRepos/UnrealStack/StackerGame 4.21/Saved/Config/Windows/Scalability.ini]
[2019.01.03-17.00.30:679][  0]LogConfig: Setting CVar [[foliage.DensityScale:1.0]]
[2019.01.03-17.00.30:679][  0]LogConfig: Setting CVar [[grass.DensityScale:1.0]]
[2019.01.03-17.00.30:679][  0]LogInit: Selected Device Profile: [Windows]
[2019.01.03-17.00.30:679][  0]LogInit: Applying CVar settings loaded from the selected device profile: [Windows]
[2019.01.03-17.00.30:703][  0]LogHAL: Display: Platform has ~ 16 GB [16985501696 / 17179869184 / 16], which maps to Larger [LargestMinGB=32, LargerMinGB=12, DefaultMinGB=8, SmallerMinGB=6, SmallestMinGB=0)
[2019.01.03-17.00.30:703][  0]LogConfig: Setting CVar [[r.Vulkan.UseRealUBs:1]]
[2019.01.03-17.00.30:703][  0]LogInit: Going up to parent DeviceProfile []
[2019.01.03-17.00.30:703][  0]LogConfig: Applying CVar settings from Section [ViewDistanceQuality@3] File [C:/Users/nope/Desktop/GitRepos/UnrealStack/StackerGame 4.21/Saved/Config/Windows/Scalability.ini]
[2019.01.03-17.00.30:703][  0]LogConfig: Setting CVar [[r.SkeletalMeshLODBias:0]]
[2019.01.03-17.00.30:703][  0]LogConfig: Setting CVar [[r.ViewDistanceScale:1.0]]
[2019.01.03-17.00.30:703][  0]LogConfig: Applying CVar settings from Section [AntiAliasingQuality@3] File [C:/Users/nope/Desktop/GitRepos/UnrealStack/StackerGame 4.21/Saved/Config/Windows/Scalability.ini]
[2019.01.03-17.00.30:703][  0]LogConfig: Setting CVar [[r.PostProcessAAQuality:4]]
[2019.01.03-17.00.30:703][  0]LogConfig: Applying CVar settings from Section [ShadowQuality@3] File [C:/Users/nope/Desktop/GitRepos/UnrealStack/StackerGame 4.21/Saved/Config/Windows/Scalability.ini]
[2019.01.03-17.00.30:703][  0]LogConfig: Setting CVar [[r.LightFunctionQuality:1]]
[2019.01.03-17.00.30:703][  0]LogConfig: Setting CVar [[r.ShadowQuality:5]]
[2019.01.03-17.00.30:703][  0]LogConfig: Setting CVar [[r.Shadow.CSM.MaxCascades:10]]
[2019.01.03-17.00.30:703][  0]LogConfig: Setting CVar [[r.Shadow.MaxResolution:2048]]
[2019.01.03-17.00.30:703][  0]LogConfig: Setting CVar [[r.Shadow.MaxCSMResolution:2048]]
[2019.01.03-17.00.30:703][  0]LogConfig: Setting CVar [[r.Shadow.RadiusThreshold:0.01]]
[2019.01.03-17.00.30:703][  0]LogConfig: Setting CVar [[r.Shadow.DistanceScale:1.0]]
[2019.01.03-17.00.30:703][  0]LogConfig: Setting CVar [[r.Shadow.CSM.TransitionScale:1.0]]
[2019.01.03-17.00.30:703][  0]LogConfig: Setting CVar [[r.Shadow.PreShadowResolutionFactor:1.0]]
[2019.01.03-17.00.30:703][  0]LogConfig: Setting CVar [[r.DistanceFieldShadowing:1]]
[2019.01.03-17.00.30:703][  0]LogConfig: Setting CVar [[r.DistanceFieldAO:1]]
[2019.01.03-17.00.30:703][  0]LogConfig: Setting CVar [[r.AOQuality:2]]
[2019.01.03-17.00.30:703][  0]LogConfig: Setting CVar [[r.VolumetricFog:1]]
[2019.01.03-17.00.30:703][  0]LogConfig: Setting CVar [[r.VolumetricFog.GridPixelSize:8]]
[2019.01.03-17.00.30:703][  0]LogConfig: Setting CVar [[r.VolumetricFog.GridSizeZ:128]]
[2019.01.03-17.00.30:703][  0]LogConfig: Setting CVar [[r.VolumetricFog.HistoryMissSupersampleCount:4]]
[2019.01.03-17.00.30:703][  0]LogConfig: Setting CVar [[r.LightMaxDrawDistanceScale:1]]
[2019.01.03-17.00.30:703][  0]LogConfig: Setting CVar [[r.CapsuleShadows:1]]
[2019.01.03-17.00.30:703][  0]LogConfig: Applying CVar settings from Section [PostProcessQuality@3] File [C:/Users/nope/Desktop/GitRepos/UnrealStack/StackerGame 4.21/Saved/Config/Windows/Scalability.ini]
[2019.01.03-17.00.30:703][  0]LogConfig: Setting CVar [[r.MotionBlurQuality:4]]
[2019.01.03-17.00.30:703][  0]LogConfig: Setting CVar [[r.AmbientOcclusionMipLevelFactor:0.4]]
[2019.01.03-17.00.30:703][  0]LogConfig: Setting CVar [[r.AmbientOcclusionMaxQuality:100]]
[2019.01.03-17.00.30:703][  0]LogConfig: Setting CVar [[r.AmbientOcclusionLevels:-1]]
[2019.01.03-17.00.30:703][  0]LogConfig: Setting CVar [[r.AmbientOcclusionRadiusScale:1.0]]
[2019.01.03-17.00.30:703][  0]LogConfig: Setting CVar [[r.DepthOfFieldQuality:2]]
[2019.01.03-17.00.30:703][  0]LogConfig: Setting CVar [[r.RenderTargetPoolMin:400]]
[2019.01.03-17.00.30:703][  0]LogConfig: Setting CVar [[r.LensFlareQuality:2]]
[2019.01.03-17.00.30:703][  0]LogConfig: Setting CVar [[r.SceneColorFringeQuality:1]]
[2019.01.03-17.00.30:703][  0]LogConfig: Setting CVar [[r.EyeAdaptationQuality:2]]
[2019.01.03-17.00.30:703][  0]LogConfig: Setting CVar [[r.BloomQuality:5]]
[2019.01.03-17.00.30:703][  0]LogConfig: Setting CVar [[r.FastBlurThreshold:100]]
[2019.01.03-17.00.30:703][  0]LogConfig: Setting CVar [[r.Upscale.Quality:3]]
[2019.01.03-17.00.30:703][  0]LogConfig: Setting CVar [[r.Tonemapper.GrainQuantization:1]]
[2019.01.03-17.00.30:703][  0]LogConfig: Setting CVar [[r.LightShaftQuality:1]]
[2019.01.03-17.00.30:703][  0]LogConfig: Setting CVar [[r.Filter.SizeScale:1]]
[2019.01.03-17.00.30:703][  0]LogConfig: Setting CVar [[r.Tonemapper.Quality:5]]
[2019.01.03-17.00.30:703][  0]LogConfig: Setting CVar [[r.DOF.Gather.AccumulatorQuality:1        ; higher gathering accumulator quality]]
[2019.01.03-17.00.30:703][  0]LogConfig: Setting CVar [[r.DOF.Gather.PostfilterMethod:1          ; Median3x3 postfilering method]]
[2019.01.03-17.00.30:703][  0]LogConfig: Setting CVar [[r.DOF.Gather.EnableBokehSettings:0       ; no bokeh simulation when gathering]]
[2019.01.03-17.00.30:703][  0]LogConfig: Setting CVar [[r.DOF.Gather.RingCount:4                 ; medium number of samples when gathering]]
[2019.01.03-17.00.30:704][  0]LogConfig: Setting CVar [[r.DOF.Scatter.ForegroundCompositing:1    ; additive foreground scattering]]
[2019.01.03-17.00.30:704][  0]LogConfig: Setting CVar [[r.DOF.Scatter.BackgroundCompositing:2    ; additive background scattering]]
[2019.01.03-17.00.30:704][  0]LogConfig: Setting CVar [[r.DOF.Scatter.EnableBokehSettings:1      ; bokeh simulation when scattering]]
[2019.01.03-17.00.30:704][  0]LogConfig: Setting CVar [[r.DOF.Scatter.MaxSpriteRatio:0.1         ; only a maximum of 10% of scattered bokeh]]
[2019.01.03-17.00.30:704][  0]LogConfig: Setting CVar [[r.DOF.Recombine.Quality:1                ; cheap slight out of focus]]
[2019.01.03-17.00.30:704][  0]LogConfig: Setting CVar [[r.DOF.Recombine.EnableBokehSettings:0    ; no bokeh simulation on slight out of focus]]
[2019.01.03-17.00.30:704][  0]LogConfig: Setting CVar [[r.DOF.TemporalAAQuality:1                ; more stable temporal accumulation]]
[2019.01.03-17.00.30:704][  0]LogConfig: Setting CVar [[r.DOF.Kernel.MaxForegroundRadius:0.025]]
[2019.01.03-17.00.30:704][  0]LogConfig: Setting CVar [[r.DOF.Kernel.MaxBackgroundRadius:0.025]]
[2019.01.03-17.00.30:704][  0]LogConfig: Applying CVar settings from Section [TextureQuality@3] File [C:/Users/nope/Desktop/GitRepos/UnrealStack/StackerGame 4.21/Saved/Config/Windows/Scalability.ini]
[2019.01.03-17.00.30:704][  0]LogConfig: Setting CVar [[r.Streaming.MipBias:0]]
[2019.01.03-17.00.30:704][  0]LogConfig: Setting CVar [[r.Streaming.AmortizeCPUToGPUCopy:0]]
[2019.01.03-17.00.30:704][  0]LogConfig: Setting CVar [[r.Streaming.MaxNumTexturesToStreamPerFrame:0]]
[2019.01.03-17.00.30:704][  0]LogConfig: Setting CVar [[r.Streaming.Boost:1]]
[2019.01.03-17.00.30:704][  0]LogConfig: Setting CVar [[r.MaxAnisotropy:8]]
[2019.01.03-17.00.30:704][  0]LogConfig: Setting CVar [[r.Streaming.LimitPoolSizeToVRAM:0]]
[2019.01.03-17.00.30:704][  0]LogConfig: Setting CVar [[r.Streaming.PoolSize:1000]]
[2019.01.03-17.00.30:704][  0]LogConfig: Setting CVar [[r.Streaming.MaxEffectiveScreenSize:0]]
[2019.01.03-17.00.30:704][  0]LogConfig: Applying CVar settings from Section [EffectsQuality@3] File [C:/Users/nope/Desktop/GitRepos/UnrealStack/StackerGame 4.21/Saved/Config/Windows/Scalability.ini]
[2019.01.03-17.00.30:704][  0]LogConfig: Setting CVar [[r.TranslucencyLightingVolumeDim:64]]
[2019.01.03-17.00.30:704][  0]LogConfig: Setting CVar [[r.RefractionQuality:2]]
[2019.01.03-17.00.30:704][  0]LogConfig: Setting CVar [[r.SSR.Quality:3]]
[2019.01.03-17.00.30:704][  0]LogConfig: Setting CVar [[r.SceneColorFormat:4]]
[2019.01.03-17.00.30:704][  0]LogConfig: Setting CVar [[r.DetailMode:2]]
[2019.01.03-17.00.30:704][  0]LogConfig: Setting CVar [[r.TranslucencyVolumeBlur:1]]
[2019.01.03-17.00.30:704][  0]LogConfig: Setting CVar [[r.MaterialQualityLevel:1 ; High quality]]
[2019.01.03-17.00.30:704][  0]LogConfig: Setting CVar [[r.SSS.Scale:1]]
[2019.01.03-17.00.30:704][  0]LogConfig: Setting CVar [[r.SSS.SampleSet:2]]
[2019.01.03-17.00.30:704][  0]LogConfig: Setting CVar [[r.SSS.Quality:1]]
[2019.01.03-17.00.30:704][  0]LogConfig: Setting CVar [[r.SSS.HalfRes:1]]
[2019.01.03-17.00.30:704][  0]LogConfig: Setting CVar [[r.EmitterSpawnRateScale:1.0]]
[2019.01.03-17.00.30:704][  0]LogConfig: Setting CVar [[r.ParticleLightQuality:2]]
[2019.01.03-17.00.30:704][  0]LogConfig: Applying CVar settings from Section [FoliageQuality@3] File [C:/Users/nope/Desktop/GitRepos/UnrealStack/StackerGame 4.21/Saved/Config/Windows/Scalability.ini]
[2019.01.03-17.00.30:704][  0]LogConfig: Setting CVar [[foliage.DensityScale:1.0]]
[2019.01.03-17.00.30:704][  0]LogConfig: Setting CVar [[grass.DensityScale:1.0]]
[2019.01.03-17.00.30:704][  0]LogConfig: Applying CVar settings from Section [Startup] File [../../../Engine/Config/ConsoleVariables.ini]
[2019.01.03-17.00.30:704][  0]LogConfig: Setting CVar [[net.UseAdaptiveNetUpdateFrequency:0]]
[2019.01.03-17.00.30:704][  0]LogConfig: Applying CVar settings from Section [ConsoleVariables] File [C:/Users/nope/Desktop/GitRepos/UnrealStack/StackerGame 4.21/Saved/Config/Windows/Engine.ini]
[2019.01.03-17.00.30:705][  0]LogInit: Computer: DESKTOP-VPEBSJI
[2019.01.03-17.00.30:705][  0]LogInit: User: nope
[2019.01.03-17.00.30:705][  0]LogInit: CPU Page size=4096, Cores=4
[2019.01.03-17.00.30:705][  0]LogInit: High frequency timer resolution =2.742189 MHz
[2019.01.03-17.00.30:705][  0]LogMemory: Memory total: Physical=15.8GB (16GB approx)
[2019.01.03-17.00.30:705][  0]LogMemory: Platform Memory Stats for Windows
[2019.01.03-17.00.30:705][  0]LogMemory: Process Physical Memory: 102.41 MB used, 102.41 MB peak
[2019.01.03-17.00.30:705][  0]LogMemory: Process Virtual Memory: 91.40 MB used, 91.40 MB peak
[2019.01.03-17.00.30:705][  0]LogMemory: Physical Memory: 7935.82 MB used,  8262.81 MB free, 16198.64 MB total
[2019.01.03-17.00.30:705][  0]LogMemory: Virtual Memory: 4648.87 MB used,  134213080.00 MB free, 134217728.00 MB total
[2019.01.03-17.00.30:722][  0]LogInit: Using OS detected language (en-US).
[2019.01.03-17.00.30:722][  0]LogInit: Using OS detected locale (en-US).
[2019.01.03-17.00.30:722][  0]LogTextLocalizationManager: No specific localization for 'en-US' exists, so the 'en' localization will be used.
[2019.01.03-17.00.31:188][  0]LogStreaming: Display: Took  0.466s to InitEngineTextLocalization.
[2019.01.03-17.00.31:188][  0]LogInit: Setting process to per monitor DPI aware
[2019.01.03-17.00.31:241][  0]LogSlate: New Slate User Created.  User Index 0, Is Virtual User: 0
[2019.01.03-17.00.31:241][  0]LogSlate: Slate User Registered.  User Index 0, Is Virtual User: 0
[2019.01.03-17.00.31:549][  0]LogHMD: Failed to initialize OpenVR with code 110
[2019.01.03-17.00.31:549][  0]LogD3D11RHI: D3D11 adapters:
[2019.01.03-17.00.31:614][  0]LogD3D11RHI:    0. 'NVIDIA GeForce GTX 1050' (Feature Level 11_0)
[2019.01.03-17.00.31:614][  0]LogD3D11RHI:       4021/0/8099 MB DedicatedVideo/DedicatedSystem/SharedSystem, Outputs:2, VendorId:0x10de
[2019.01.03-17.00.31:631][  0]LogD3D11RHI:    1. 'Intel(R) HD Graphics 630' (Feature Level 11_0)
[2019.01.03-17.00.31:631][  0]LogD3D11RHI:       128/0/8099 MB DedicatedVideo/DedicatedSystem/SharedSystem, Outputs:0, VendorId:0x8086
[2019.01.03-17.00.31:633][  0]LogD3D11RHI:    2. 'Microsoft Basic Render Driver' (Feature Level 11_0)
[2019.01.03-17.00.31:633][  0]LogD3D11RHI:       0/0/8099 MB DedicatedVideo/DedicatedSystem/SharedSystem, Outputs:0, VendorId:0x1414
[2019.01.03-17.00.31:633][  0]LogD3D11RHI: Chosen D3D11 Adapter: 0
[2019.01.03-17.00.31:665][  0]LogD3D11RHI: Creating new Direct3DDevice
[2019.01.03-17.00.31:665][  0]LogD3D11RHI:     GPU DeviceId: 0x1c8d (for the marketing name, search the web for "GPU Device Id")
[2019.01.03-17.00.31:665][  0]LogWindows: EnumDisplayDevices:
[2019.01.03-17.00.31:666][  0]LogWindows:    0. 'Intel(R) HD Graphics 630' (P:1 D:1)
[2019.01.03-17.00.31:666][  0]LogWindows:    1. 'Intel(R) HD Graphics 630' (P:0 D:1)
[2019.01.03-17.00.31:666][  0]LogWindows:    2. 'Intel(R) HD Graphics 630' (P:0 D:0)
[2019.01.03-17.00.31:666][  0]LogWindows: DebugString: PrimaryIsNotTheChoosenAdapter PrimaryIsNotTheChoosenAdapter PrimaryIsNotTheChoosenAdapter FoundDriverCount:0 
[2019.01.03-17.00.31:666][  0]LogD3D11RHI:     Adapter Name: NVIDIA GeForce GTX 1050
[2019.01.03-17.00.31:666][  0]LogD3D11RHI:   Driver Version: Unknown (internal:Unknown, unified:Unknown)
[2019.01.03-17.00.31:666][  0]LogD3D11RHI:      Driver Date: Unknown
[2019.01.03-17.00.31:666][  0]LogRHI: Texture pool is 2814 MB (70% of 4021 MB)
[2019.01.03-17.00.31:715][  0]LogD3D11RHI: Async texture creation enabled
[2019.01.03-17.00.31:733][  0]LogD3D11RHI: GPU Timing Frequency: 1000.000000 (Debug: 2 2)
[2019.01.03-17.00.32:068][  0]LogTemp: Display: Loaded TP AllDesktopTargetPlatform
[2019.01.03-17.00.32:084][  0]LogTemp: Display: Loaded TP MacClientTargetPlatform
[2019.01.03-17.00.32:099][  0]LogTemp: Display: Loaded TP MacNoEditorTargetPlatform
[2019.01.03-17.00.32:117][  0]LogTemp: Display: Loaded TP MacServerTargetPlatform
[2019.01.03-17.00.32:136][  0]LogTemp: Display: Loaded TP MacTargetPlatform
[2019.01.03-17.00.32:152][  0]LogTemp: Display: Loaded TP WindowsClientTargetPlatform
[2019.01.03-17.00.32:167][  0]LogTemp: Display: Loaded TP WindowsNoEditorTargetPlatform
[2019.01.03-17.00.32:184][  0]LogTemp: Display: Loaded TP WindowsServerTargetPlatform
[2019.01.03-17.00.32:191][  0]LogTemp: Display: Loaded TP WindowsTargetPlatform
[2019.01.03-17.00.32:281][  0]LogTemp: Display: Loaded TP AndroidTargetPlatform
[2019.01.03-17.00.32:281][  0]LogTemp: Display: Loaded TP AndroidTargetPlatform
[2019.01.03-17.00.32:281][  0]LogTemp: Display: Loaded TP AndroidTargetPlatform
[2019.01.03-17.00.32:281][  0]LogTemp: Display: Loaded TP AndroidTargetPlatform
[2019.01.03-17.00.32:281][  0]LogTemp: Display: Loaded TP AndroidTargetPlatform
[2019.01.03-17.00.32:281][  0]LogTemp: Display: Loaded TP AndroidTargetPlatform
[2019.01.03-17.00.32:281][  0]LogTemp: Display: Loaded TP AndroidTargetPlatform
[2019.01.03-17.00.32:281][  0]LogTemp: Display: Loaded TP AndroidTargetPlatform
[2019.01.03-17.00.32:281][  0]LogTemp: Display: Loaded TP AndroidTargetPlatform
[2019.01.03-17.00.32:281][  0]LogTemp: Display: Loaded TP AndroidTargetPlatform
[2019.01.03-17.00.32:281][  0]LogTemp: Display: Loaded TP AndroidTargetPlatform
[2019.01.03-17.00.32:281][  0]LogTemp: Display: Loaded TP AndroidTargetPlatform
[2019.01.03-17.00.32:281][  0]LogTemp: Display: Loaded TP AndroidTargetPlatform
[2019.01.03-17.00.32:281][  0]LogTemp: Display: Loaded TP AndroidTargetPlatform
[2019.01.03-17.00.32:281][  0]LogTemp: Display: Loaded TP AndroidTargetPlatform
[2019.01.03-17.00.32:281][  0]LogTemp: Display: Loaded TP AndroidTargetPlatform
[2019.01.03-17.00.32:281][  0]LogTemp: Display: Loaded TP AndroidTargetPlatform
[2019.01.03-17.00.32:281][  0]LogTemp: Display: Loaded TP AndroidTargetPlatform
[2019.01.03-17.00.32:283][  0]LogTemp: Display: Loaded TP HTML5TargetPlatform
[2019.01.03-17.00.32:348][  0]LogTemp: Display: Loaded TP IOSTargetPlatform
[2019.01.03-17.00.32:348][  0]LogTemp: Display: Loaded TP IOSTargetPlatform
[2019.01.03-17.00.32:376][  0]LogTemp: Display: Loaded TP TVOSTargetPlatform
[2019.01.03-17.00.32:376][  0]LogTemp: Display: Loaded TP TVOSTargetPlatform
[2019.01.03-17.00.32:393][  0]LogTemp: Display: Loaded TP LinuxClientTargetPlatform
[2019.01.03-17.00.32:408][  0]LogTemp: Display: Loaded TP LinuxNoEditorTargetPlatform
[2019.01.03-17.00.32:422][  0]LogTemp: Display: Loaded TP LinuxServerTargetPlatform
[2019.01.03-17.00.32:438][  0]LogTemp: Display: Loaded TP LinuxTargetPlatform
[2019.01.03-17.00.32:491][  0]LogTemp: Display: Loaded TP LuminTargetPlatform
[2019.01.03-17.00.32:492][  0]LogTemp: Display: Loaded TP LuminTargetPlatform
[2019.01.03-17.00.32:492][  0]LogTargetPlatformManager: Display: Building Assets For Windows
[2019.01.03-17.00.32:554][  0]LogShaderCompilers: Guid format shader working directory is -29 characters bigger than the processId version (../../../../../../Users/nope/Desktop/GitRepos/UnrealStack/StackerGame 4.21/Intermediate/Shaders/WorkingDirectory/2336/).
[2019.01.03-17.00.32:554][  0]LogShaderCompilers: Cleaned the shader compiler working directory 'C:/Users/nope/AppData/Local/Temp/UnrealShaderWorkingDir/D07333A142D42F79CE773A903ECE83E9/'.
[2019.01.03-17.00.32:557][  0]LogXGEController: Cannot use XGE Controller as Incredibuild is not installed on this machine.
[2019.01.03-17.00.32:557][  0]LogShaderCompilers: Cannot use XGE Shader Compiler as Incredibuild is not installed on this machine.
[2019.01.03-17.00.32:557][  0]LogShaderCompilers: Display: Using Local Shader Compiler.
[2019.01.03-17.00.33:168][  0]LogDerivedDataCache: Display: Max Cache Size: 512 MB
[2019.01.03-17.00.33:241][  0]LogDerivedDataCache: Loaded boot cache 0.07s 84MB C:/Users/nope/AppData/Local/UnrealEngine/4.21/DerivedDataCache/Boot.ddc.
[2019.01.03-17.00.33:241][  0]LogDerivedDataCache: Display: Loaded Boot cache: C:/Users/nope/AppData/Local/UnrealEngine/4.21/DerivedDataCache/Boot.ddc
[2019.01.03-17.00.33:241][  0]LogDerivedDataCache: FDerivedDataBackendGraph:  Pak pak cache file ../../../../../../Users/nope/Desktop/GitRepos/UnrealStack/StackerGame 4.21/DerivedDataCache/DDC.ddp not found, will not use a pak cache.
[2019.01.03-17.00.33:241][  0]LogDerivedDataCache: Unable to find inner node Pak for hierarchical cache Hierarchy.
[2019.01.03-17.00.33:241][  0]LogDerivedDataCache: FDerivedDataBackendGraph:  CompressedPak pak cache file ../../../../../../Users/nope/Desktop/GitRepos/UnrealStack/StackerGame 4.21/DerivedDataCache/Compressed.ddp not found, will not use a pak cache.
[2019.01.03-17.00.33:241][  0]LogDerivedDataCache: Unable to find inner node CompressedPak for hierarchical cache Hierarchy.
[2019.01.03-17.00.33:257][  0]LogDerivedDataCache: Display: Pak cache opened for reading ../../../Engine/DerivedDataCache/Compressed.ddp.
[2019.01.03-17.00.33:257][  0]LogDerivedDataCache: FDerivedDataBackendGraph:  EnterprisePak pak cache file ../../../Enterprise/DerivedDataCache/Compressed.ddp not found, will not use a pak cache.
[2019.01.03-17.00.33:257][  0]LogDerivedDataCache: Unable to find inner node EnterprisePak for hierarchical cache Hierarchy.
[2019.01.03-17.00.33:269][  0]LogDerivedDataCache: Using Local data cache path C:/Users/nope/AppData/Local/UnrealEngine/Common/DerivedDataCache: Writable
[2019.01.03-17.00.33:269][  0]LogDerivedDataCache: Shared data cache path not found in *engine.ini, will not use an Shared cache.
[2019.01.03-17.00.33:269][  0]LogDerivedDataCache: Unable to find inner node Shared for hierarchical cache Hierarchy.
[2019.01.03-17.00.33:300][  0]LogMaterial: Verifying Global Shaders for PCD3D_SM5
[2019.01.03-17.00.33:301][  0]LogSlate: Using FreeType 2.6.0
[2019.01.03-17.00.33:302][  0]LogSlate: SlateFontServices - WITH_FREETYPE: 1, WITH_HARFBUZZ: 1
[2019.01.03-17.00.33:403][  0]LogAssetRegistry: FAssetRegistry took 0.0363 seconds to start up
[2019.01.03-17.00.33:774][  0]LogInit: Selected Device Profile: [Windows]
[2019.01.03-17.00.33:949][  0]LogSimplygon: Simplygon DLL not present - disabling.
[2019.01.03-17.00.33:953][  0]LogMeshReduction: Using SimplygonSwarm for distributed automatic mesh merging
[2019.01.03-17.00.33:953][  0]LogMeshReduction: Using ProxyLODMeshReduction for automatic mesh merging
[2019.01.03-17.00.33:953][  0]LogMeshReduction: Using QuadricMeshReduction for automatic static mesh reduction
[2019.01.03-17.00.33:953][  0]LogMeshReduction: No automatic skeletal mesh reduction module available
[2019.01.03-17.00.33:968][  0]LogNetVersion: StackerGame 1.0.0, NetCL: 4541578, EngineNetVer: 5, GameNetVer: 0 (Checksum: 1419414380)
[2019.01.03-17.00.34:587][  0]LogPackageLocalizationCache: Processed 11 localized package path(s) for 2 prioritized culture(s) in 0.123504 seconds
[2019.01.03-17.00.34:596][  0]LogUObjectArray: 39775 objects as part of root set at end of initial load.
[2019.01.03-17.00.34:596][  0]LogUObjectAllocator: 6914664 out of 0 bytes used by permanent object pool.
[2019.01.03-17.00.34:596][  0]LogUObjectArray: CloseDisregardForGC: 0/0 objects in disregard for GC pool
[2019.01.03-17.00.35:578][  0]LogTcpMessaging: Initializing TcpMessaging bridge
[2019.01.03-17.00.35:591][  0]LogUdpMessaging: Initializing bridge on interface 0.0.0.0:0 to multicast group 230.0.0.1:6666.
[2019.01.03-17.00.36:364][  0]SourceControl: Source control is disabled
[2019.01.03-17.00.36:364][  0]SourceControl: Source control is disabled
[2019.01.03-17.00.36:366][  0]SourceControl: Source control is disabled
[2019.01.03-17.00.36:367][  0]SourceControl: Source control is disabled
[2019.01.03-17.00.36:533][  0]LogAndroidPermission: UAndroidPermissionCallbackProxy::GetInstance
[2019.01.03-17.00.36:654][  0]LogOcInput: OculusInput pre-init called
[2019.01.03-17.00.36:798][  0]LogEngine: Initializing Engine...
[2019.01.03-17.00.36:799][  0]LogHMD: Failed to initialize OpenVR with code 110
[2019.01.03-17.00.36:801][  0]LogStats: UGameplayTagsManager::ConstructGameplayTagTree: ImportINI prefixes -  0.000 s
[2019.01.03-17.00.36:801][  0]LogStats: UGameplayTagsManager::ConstructGameplayTagTree: Construct from data asset -  0.000 s
[2019.01.03-17.00.36:801][  0]LogStats: UGameplayTagsManager::ConstructGameplayTagTree: ImportINI -  0.000 s
[2019.01.03-17.00.36:801][  0]LogStats: UGameplayTagsManager::ConstructGameplayTagTree: GameplayTagTreeChangedEvent.Broadcast -  0.000 s
[2019.01.03-17.00.37:073][  0]LogInit: Initializing FReadOnlyCVARCache
[2019.01.03-17.00.37:088][  0]LogAIModule: Creating AISystem for world Untitled
[2019.01.03-17.00.37:153][  0]LogInit: XAudio2 using 'Speakers / Headphones (Realtek Audio)' : 2 channels at 48 kHz using 32 bits per sample (channel mask 0x3)
[2019.01.03-17.00.37:512][  0]LogInit: FAudioDevice initialized.
[2019.01.03-17.00.37:512][  0]LogNetVersion: Set ProjectVersion to 0.0.6. Version Checksum will be recalculated on next use.
[2019.01.03-17.00.37:581][  0]LogDerivedDataCache: Saved boot cache 0.07s 84MB C:/Users/nope/AppData/Local/UnrealEngine/4.21/DerivedDataCache/Boot.ddc.
[2019.01.03-17.00.37:597][  0]LogInit: Texture streaming: Enabled
[2019.01.03-17.00.37:616][  0]LogEngineSessionManager: EngineSessionManager initialized
[2019.01.03-17.00.37:631][  0]LogInit: Transaction tracking system initialized
[2019.01.03-17.00.37:658][  0]BlueprintLog: New page: Editor Load
[2019.01.03-17.00.37:753][  0]LocalizationService: Localization service is disabled
[2019.01.03-17.00.38:974][  0]LogFileCache: Scanning file cache for directory 'C:/Users/nope/Desktop/GitRepos/UnrealStack/StackerGame 4.21/Content/' took 0.02s
[2019.01.03-17.00.38:974][  0]LogCook: Display: Max memory allowance for cook 16384mb min free memory 0mb
[2019.01.03-17.00.38:974][  0]LogCook: Display: Mobile HDR setting 0
[2019.01.03-17.00.38:974][  0]LogGameplayTags: Display: UGameplayTagsManager::DoneAddingNativeTags. DelegateIsBound: 0
[2019.01.03-17.00.38:974][  0]LogStats: UGameplayTagsManager::ConstructGameplayTagTree: ImportINI prefixes -  0.000 s
[2019.01.03-17.00.38:974][  0]LogStats: UGameplayTagsManager::ConstructGameplayTagTree: Construct from data asset -  0.000 s
[2019.01.03-17.00.38:974][  0]LogStats: UGameplayTagsManager::ConstructGameplayTagTree: ImportINI -  0.000 s
[2019.01.03-17.00.38:974][  0]LogStats: UGameplayTagsManager::ConstructGameplayTagTree: GameplayTagTreeChangedEvent.Broadcast -  0.000 s
[2019.01.03-17.00.39:121][  0]SourceControl: Source control is disabled
[2019.01.03-17.00.39:121][  0]Cmd: MAP LOAD FILE="../../../../../../Users/nope/Desktop/GitRepos/UnrealStack/StackerGame 4.21/Content/Maps/StackMap.umap" TEMPLATE=0 SHOWPROGRESS=1 FEATURELEVEL=3
[2019.01.03-17.00.39:121][  0]LightingResults: New page: Lighting Build
[2019.01.03-17.00.39:126][  0]MapCheck: New page: Map Check
[2019.01.03-17.00.39:126][  0]LightingResults: New page: Lighting Build
[2019.01.03-17.00.39:946][  0]LogAIModule: Creating AISystem for world StackMap
[2019.01.03-17.00.39:957][  0]LogEditorServer: Finished looking for orphan Actors (0.000 secs)
[2019.01.03-17.00.39:992][  0]Cmd: MAP CHECKDEP NOCLEARLOG
[2019.01.03-17.00.39:992][  0]MapCheck: Map check complete: 0 Error(s), 0 Warning(s), took 0.146ms to complete.
[2019.01.03-17.00.39:992][  0]LogFileHelpers: Loading map 'StackMap' took 0.871
[2019.01.03-17.00.40:122][  0]LogSlate: Updating window title bar state: overlay mode, drag disabled, window buttons hidden, title bar hidden
[2019.01.03-17.00.40:131][  0]LogSlate: Updating window title bar state: overlay mode, drag disabled, window buttons hidden, title bar hidden
[2019.01.03-17.00.40:139][  0]LogSlate: Updating window title bar state: overlay mode, drag disabled, window buttons hidden, title bar hidden
[2019.01.03-17.00.40:149][  0]LogSlate: Updating window title bar state: overlay mode, drag disabled, window buttons hidden, title bar hidden
[2019.01.03-17.00.40:163][  0]LogCollectionManager: Loaded 0 collections in 0.001866 seconds
[2019.01.03-17.00.40:181][  0]LogFileCache: Scanning file cache for directory 'C:/Users/nope/Desktop/GitRepos/UnrealStack/StackerGame 4.21/Saved/Collections/' took 0.01s
[2019.01.03-17.00.40:181][  0]LogFileCache: Scanning file cache for directory 'C:/Users/nope/Desktop/GitRepos/UnrealStack/StackerGame 4.21/Content/Developers/nope/Collections/' took 0.00s
[2019.01.03-17.00.40:181][  0]LogFileCache: Scanning file cache for directory 'C:/Users/nope/Desktop/GitRepos/UnrealStack/StackerGame 4.21/Content/Collections/' took 0.00s
[2019.01.03-17.00.40:181][  0]LogCollectionManager: Rebuilt the GUID cache for 0 collections in 0.000000 seconds
[2019.01.03-17.00.40:192][  0]LogContentBrowser: Native class hierarchy populated in 0.0103 seconds. Added 2651 classes and 620 folders.
[2019.01.03-17.00.40:200][  0]LogContentBrowser: Native class hierarchy updated for 'WidgetCarousel' in 0.0003 seconds. Added 0 classes and 0 folders.
[2019.01.03-17.00.40:211][  0]LogPakFile: Registered encryption key '00000000000000000000000000000000': 0 pak files mounted, 0 remain pending
[2019.01.03-17.00.40:222][  0]LogPakFile: Registered encryption key '00000000000000000000000000000000': 0 pak files mounted, 0 remain pending
[2019.01.03-17.00.40:263][  0]LogPakFile: Registered encryption key '00000000000000000000000000000000': 0 pak files mounted, 0 remain pending
[2019.01.03-17.00.40:271][  0]LogPakFile: Registered encryption key '00000000000000000000000000000000': 0 pak files mounted, 0 remain pending
[2019.01.03-17.00.40:279][  0]LogPakFile: Registered encryption key '00000000000000000000000000000000': 0 pak files mounted, 0 remain pending
[2019.01.03-17.00.40:287][  0]LogPakFile: Registered encryption key '00000000000000000000000000000000': 0 pak files mounted, 0 remain pending
[2019.01.03-17.00.40:299][  0]LogPakFile: Registered encryption key '00000000000000000000000000000000': 0 pak files mounted, 0 remain pending
[2019.01.03-17.00.40:307][  0]LogPakFile: Registered encryption key '00000000000000000000000000000000': 0 pak files mounted, 0 remain pending
[2019.01.03-17.00.40:317][  0]LogPakFile: Registered encryption key '00000000000000000000000000000000': 0 pak files mounted, 0 remain pending
[2019.01.03-17.00.40:331][  0]LogPakFile: Registered encryption key '00000000000000000000000000000000': 0 pak files mounted, 0 remain pending
[2019.01.03-17.00.40:339][  0]LogPakFile: Registered encryption key '00000000000000000000000000000000': 0 pak files mounted, 0 remain pending
[2019.01.03-17.00.40:346][  0]LogPakFile: Registered encryption key '00000000000000000000000000000000': 0 pak files mounted, 0 remain pending
[2019.01.03-17.00.40:356][  0]LogPakFile: Registered encryption key '00000000000000000000000000000000': 0 pak files mounted, 0 remain pending
[2019.01.03-17.00.40:365][  0]LogPakFile: Registered encryption key '00000000000000000000000000000000': 0 pak files mounted, 0 remain pending
[2019.01.03-17.00.40:373][  0]LogPakFile: Registered encryption key '00000000000000000000000000000000': 0 pak files mounted, 0 remain pending
[2019.01.03-17.00.40:380][  0]LogPakFile: Registered encryption key '00000000000000000000000000000000': 0 pak files mounted, 0 remain pending
[2019.01.03-17.00.40:429][  0]LogPakFile: Registered encryption key '00000000000000000000000000000000': 0 pak files mounted, 0 remain pending
[2019.01.03-17.00.40:438][  0]LogPakFile: Registered encryption key '00000000000000000000000000000000': 0 pak files mounted, 0 remain pending
[2019.01.03-17.00.40:446][  0]LogPakFile: Registered encryption key '00000000000000000000000000000000': 0 pak files mounted, 0 remain pending
[2019.01.03-17.00.40:454][  0]LogPakFile: Registered encryption key '00000000000000000000000000000000': 0 pak files mounted, 0 remain pending
[2019.01.03-17.00.40:520][  0]LogPakFile: Registered encryption key '00000000000000000000000000000000': 0 pak files mounted, 0 remain pending
[2019.01.03-17.00.40:530][  0]LogPakFile: Registered encryption key '00000000000000000000000000000000': 0 pak files mounted, 0 remain pending
[2019.01.03-17.00.40:539][  0]LogPakFile: Registered encryption key '00000000000000000000000000000000': 0 pak files mounted, 0 remain pending
[2019.01.03-17.00.40:548][  0]LogPakFile: Registered encryption key '00000000000000000000000000000000': 0 pak files mounted, 0 remain pending
[2019.01.03-17.00.40:556][  0]LogPakFile: Registered encryption key '00000000000000000000000000000000': 0 pak files mounted, 0 remain pending
[2019.01.03-17.00.40:564][  0]LogPakFile: Registered encryption key '00000000000000000000000000000000': 0 pak files mounted, 0 remain pending
[2019.01.03-17.00.40:738][  0]LogContentBrowser: Native class hierarchy updated for 'AddContentDialog' in 0.0003 seconds. Added 0 classes and 0 folders.
[2019.01.03-17.00.40:746][  0]LogContentBrowser: Native class hierarchy updated for 'SceneOutliner' in 0.0003 seconds. Added 1 classes and 2 folders.
[2019.01.03-17.00.40:764][  0]LogSlate: Took 0.000245 seconds to synchronously load lazily loaded font '../../../Engine/Content/Slate/Fonts/Roboto-Regular.ttf' (155K)
[2019.01.03-17.00.40:767][  0]LogSlate: Took 0.000226 seconds to synchronously load lazily loaded font '../../../Engine/Content/Slate/Fonts/Roboto-Bold.ttf' (160K)
[2019.01.03-17.00.40:787][  0]LogSlate: Took 0.010345 seconds to synchronously load lazily loaded font '../../../Engine/Content/Editor/Slate/Fonts/FontAwesome.ttf' (139K)
[2019.01.03-17.00.40:920][  0]LogRenderer: Reallocating scene render targets to support 576x368 Format 10 NumSamples 1 (Frame:1).
[2019.01.03-17.00.41:058][  0]LogContentBrowser: Native class hierarchy updated for 'HierarchicalLODOutliner' in 0.0003 seconds. Added 0 classes and 0 folders.
[2019.01.03-17.00.41:058][  0]LogLoad: (Engine Initialization) Total time: 12.29 seconds
[2019.01.03-17.00.41:058][  0]LogLoad: (Engine Initialization) Total Blueprint compile time: 0.00 seconds
[2019.01.03-17.00.41:079][  0]LogWindowsTextInputMethodSystem: Display: IME system now deactivated.
[2019.01.03-17.00.41:149][  0]LogContentStreaming: Texture pool size now 1000 MB
[2019.01.03-17.00.41:167][  0]LogSlate: Took 0.006799 seconds to synchronously load lazily loaded font '../../../Engine/Content/Slate/Fonts/Roboto-Light.ttf' (167K)
[2019.01.03-17.00.41:465][  3]LogAssetRegistry: Asset discovery search completed in 8.0839 seconds
[2019.01.03-17.00.41:467][  3]LogCollectionManager: Rebuilt the object cache for 0 collections in 0.000000 seconds (found 0 objects)
[2019.01.03-17.00.41:467][  3]LogCollectionManager: Fixed up redirectors for 0 collections in 0.000058 seconds (updated 0 objects)
[2019.01.03-17.00.51:423][600]LogSlate: FSceneViewport::OnFocusLost() reason 0
[2019.01.03-17.00.51:576][609]LogSlate: Took 0.000220 seconds to synchronously load lazily loaded font '../../../Engine/Content/Slate/Fonts/Roboto-Light.ttf' (167K)
[2019.01.03-17.00.51:585][609]LogAssetEditorManager: Opening Asset editor for Blueprint /Game/Blueprints/StackSpawner.StackSpawner
[2019.01.03-17.00.52:196][609]LogContentBrowser: Native class hierarchy updated for 'BlueprintGraph' in 0.0007 seconds. Added 117 classes and 0 folders.
[2019.01.03-17.00.53:203][609]LogSlate: Took 0.005454 seconds to synchronously load lazily loaded font '../../../Engine/Content/Slate/Fonts/Roboto-BoldCondensed.ttf' (158K)
[2019.01.03-17.00.54:049][610]LogSlate: Took 0.010504 seconds to synchronously load lazily loaded font '../../../Engine/Content/Slate/Fonts/Roboto-Italic.ttf' (157K)
[2019.01.03-17.01.08:183][180]LogTemp: Repeating last play command: Selected Viewport
[2019.01.03-17.01.08:206][180]LogBlueprintUserMessages: Early PlayInEditor Detection: Level '/Game/Maps/StackMap.StackMap:PersistentLevel' has LevelScriptBlueprint '/Game/Maps/StackMap.StackMap:PersistentLevel.StackMap' with GeneratedClass '/Game/Maps/StackMap.StackMap_C' with ClassGeneratedBy '/Game/Maps/StackMap.StackMap:PersistentLevel.StackMap'
[2019.01.03-17.01.08:206][180]LogPlayLevel: PlayLevel: No blueprints needed recompiling
[2019.01.03-17.01.08:206][180]PIE: New page: PIE session: StackMap (Jan 3, 2019, 7:01:08 AM)
[2019.01.03-17.01.08:219][180]LogPlayLevel: Creating play world package: /Game/Maps/UEDPIE_0_StackMap
[2019.01.03-17.01.08:264][180]LogPlayLevel: PIE: StaticDuplicateObject took: (0.045128s)
[2019.01.03-17.01.08:265][180]LogAIModule: Creating AISystem for world StackMap
[2019.01.03-17.01.08:266][180]LogPlayLevel: PIE: World Init took: (0.001259s)
[2019.01.03-17.01.08:266][180]LogPlayLevel: PIE: Created PIE world by copying editor world from /Game/Maps/StackMap.StackMap to /Game/Maps/UEDPIE_0_StackMap.StackMap (0.046798s)
[2019.01.03-17.01.08:314][180]LogInit: XAudio2 using 'Speakers / Headphones (Realtek Audio)' : 2 channels at 48 kHz using 32 bits per sample (channel mask 0x3)
[2019.01.03-17.01.08:330][180]LogInit: FAudioDevice initialized.
[2019.01.03-17.01.08:378][180]LogLoad: Game class is 'GameModeBase'
[2019.01.03-17.01.08:380][180]LogWorld: Bringing World /Game/Maps/UEDPIE_0_StackMap.StackMap up for play (max tick rate 60) at 2019.01.03-12.01.08
[2019.01.03-17.01.08:381][180]LogWorld: Bringing up level for play took: 0.001063
[2019.01.03-17.01.08:403][180]LogContentBrowser: Native class hierarchy updated for 'MovieSceneCapture' in 0.0004 seconds. Added 20 classes and 0 folders.
[2019.01.03-17.01.08:419][180]LogPlayerController: Error: InputMode:UIOnly - Attempting to focus Non-Focusable widget SObjectWidget [Widget.cpp(710)]!
[2019.01.03-17.01.08:419][180]PIE: Play in editor start time for /Game/Maps/UEDPIE_0_StackMap 0.34
[2019.01.03-17.01.08:419][180]LogBlueprintUserMessages: Late PlayInEditor Detection: Level '/Game/Maps/StackMap.StackMap:PersistentLevel' has LevelScriptBlueprint '/Game/Maps/StackMap.StackMap:PersistentLevel.StackMap' with GeneratedClass '/Game/Maps/StackMap.StackMap_C' with ClassGeneratedBy '/Game/Maps/StackMap.StackMap:PersistentLevel.StackMap'
[2019.01.03-17.01.10:551][265]LogSlate: FSceneViewport::OnFocusLost() reason 0
[2019.01.03-17.01.11:785][321]LogSlate: FSceneViewport::OnFocusLost() reason 0
[2019.01.03-17.01.41:300][701]LogBlueprintUserMessages: Early EndPlayMap Detection: Level '/Game/Maps/StackMap.StackMap:PersistentLevel' has LevelScriptBlueprint '/Game/Maps/StackMap.StackMap:PersistentLevel.StackMap' with GeneratedClass '/Game/Maps/StackMap.StackMap_C' with ClassGeneratedBy '/Game/Maps/StackMap.StackMap:PersistentLevel.StackMap'
[2019.01.03-17.01.41:300][701]LogSlate: Updating window title bar state: overlay mode, drag disabled, window buttons hidden, title bar hidden
[2019.01.03-17.01.41:381][701]LogPlayLevel: Display: Shutting down PIE online subsystems
[2019.01.03-17.01.41:381][701]LogBlueprintUserMessages: Late EndPlayMap Detection: Level '/Game/Maps/StackMap.StackMap:PersistentLevel' has LevelScriptBlueprint '/Game/Maps/StackMap.StackMap:PersistentLevel.StackMap' with GeneratedClass '/Game/Maps/StackMap.StackMap_C' with ClassGeneratedBy '/Game/Maps/StackMap.StackMap:PersistentLevel.StackMap'
[2019.01.03-17.01.41:448][701]LogSlate: Updating window title bar state: overlay mode, drag disabled, window buttons hidden, title bar hidden
[2019.01.03-17.01.42:280][702]LogPlayLevel: Display: Destroying online subsystem :Context_4
[2019.01.03-17.03.43:589][484]LogRenderer: Reallocating scene render targets to support 576x384 Format 10 NumSamples 1 (Frame:43).
[2019.01.03-17.03.43:649][485]LogRenderer: Reallocating scene render targets to support 576x428 Format 10 NumSamples 1 (Frame:45).
[2019.01.03-17.03.43:715][486]LogRenderer: Reallocating scene render targets to support 576x464 Format 10 NumSamples 1 (Frame:47).
[2019.01.03-17.03.43:779][487]LogRenderer: Reallocating scene render targets to support 576x480 Format 10 NumSamples 1 (Frame:49).
[2019.01.03-17.03.43:836][488]LogRenderer: Reallocating scene render targets to support 576x484 Format 10 NumSamples 1 (Frame:51).
[2019.01.03-17.03.47:640][673]LogTemp: Repeating last play command: Selected Viewport
[2019.01.03-17.03.47:660][673]LogBlueprintUserMessages: Early PlayInEditor Detection: Level '/Game/Maps/StackMap.StackMap:PersistentLevel' has LevelScriptBlueprint '/Game/Maps/StackMap.StackMap:PersistentLevel.StackMap' with GeneratedClass '/Game/Maps/StackMap.StackMap_C' with ClassGeneratedBy '/Game/Maps/StackMap.StackMap:PersistentLevel.StackMap'
[2019.01.03-17.03.47:660][673]LogPlayLevel: PlayLevel: No blueprints needed recompiling
[2019.01.03-17.03.47:660][673]PIE: New page: PIE session: StackMap (Jan 3, 2019, 7:03:47 AM)
[2019.01.03-17.03.47:660][673]LogPlayLevel: Creating play world package: /Game/Maps/UEDPIE_0_StackMap
[2019.01.03-17.03.47:664][673]LogPlayLevel: PIE: StaticDuplicateObject took: (0.003711s)
[2019.01.03-17.03.47:665][673]LogAIModule: Creating AISystem for world StackMap
[2019.01.03-17.03.47:665][673]LogPlayLevel: PIE: World Init took: (0.000776s)
[2019.01.03-17.03.47:665][673]LogPlayLevel: PIE: Created PIE world by copying editor world from /Game/Maps/StackMap.StackMap to /Game/Maps/UEDPIE_0_StackMap.StackMap (0.004634s)
[2019.01.03-17.03.47:710][673]LogInit: XAudio2 using 'Speakers / Headphones (Realtek Audio)' : 2 channels at 48 kHz using 32 bits per sample (channel mask 0x3)
[2019.01.03-17.03.47:725][673]LogInit: FAudioDevice initialized.
[2019.01.03-17.03.47:755][673]LogLoad: Game class is 'GameModeBase'
[2019.01.03-17.03.47:756][673]LogWorld: Bringing World /Game/Maps/UEDPIE_0_StackMap.StackMap up for play (max tick rate 60) at 2019.01.03-12.03.47
[2019.01.03-17.03.47:756][673]LogWorld: Bringing up level for play took: 0.000697
[2019.01.03-17.03.47:778][673]LogPlayerController: Error: InputMode:UIOnly - Attempting to focus Non-Focusable widget SObjectWidget [Widget.cpp(710)]!
[2019.01.03-17.03.47:778][673]PIE: Play in editor start time for /Game/Maps/UEDPIE_0_StackMap -0.3
[2019.01.03-17.03.47:778][673]LogBlueprintUserMessages: Late PlayInEditor Detection: Level '/Game/Maps/StackMap.StackMap:PersistentLevel' has LevelScriptBlueprint '/Game/Maps/StackMap.StackMap:PersistentLevel.StackMap' with GeneratedClass '/Game/Maps/StackMap.StackMap_C' with ClassGeneratedBy '/Game/Maps/StackMap.StackMap:PersistentLevel.StackMap'
[2019.01.03-17.03.49:939][777]LogSlate: FSceneViewport::OnFocusLost() reason 0
[2019.01.03-17.03.51:239][843]LogSlate: FSceneViewport::OnFocusLost() reason 0
[2019.01.03-17.04.19:422][255]LogSlate: FSceneViewport::OnFocusLost() reason 0
[2019.01.03-17.04.19:423][255]LogNet: Browse: /Game/Maps/StackMap
[2019.01.03-17.04.19:423][255]LogLoad: LoadMap: /Game/Maps/StackMap
[2019.01.03-17.04.19:454][255]LogPlayLevel: Creating play world package: /Game/Maps/UEDPIE_0_StackMap
[2019.01.03-17.04.19:457][255]LogPlayLevel: PIE: StaticDuplicateObject took: (0.003395s)
[2019.01.03-17.04.19:458][255]LogAIModule: Creating AISystem for world StackMap
[2019.01.03-17.04.19:458][255]LogPlayLevel: PIE: World Init took: (0.000729s)
[2019.01.03-17.04.19:458][255]LogPlayLevel: PIE: Created PIE world by copying editor world from /Game/Maps/StackMap.StackMap to /Game/Maps/UEDPIE_0_StackMap.StackMap (0.004326s)
[2019.01.03-17.04.19:458][255]LogLoad: Game class is 'GameModeBase'
[2019.01.03-17.04.19:465][255]LogWorld: Bringing World /Game/Maps/UEDPIE_0_StackMap.StackMap up for play (max tick rate 60) at 2019.01.03-12.04.19
[2019.01.03-17.04.19:465][255]LogWorld: Bringing up level for play took: 0.005680
[2019.01.03-17.04.19:465][255]LogGameMode: FindPlayerStart: PATHS NOT DEFINED or NO PLAYERSTART with positive rating
[2019.01.03-17.04.19:473][255]LogPlayerController: Error: InputMode:UIOnly - Attempting to focus Non-Focusable widget SObjectWidget [Widget.cpp(710)]!
[2019.01.03-17.04.19:473][255]LogLoad: Took 0.050442 seconds to LoadMap(/Game/Maps/UEDPIE_0_StackMap)
[2019.01.03-17.04.23:350][340]LogWindows: Error: === Critical error: ===
[2019.01.03-17.04.23:350][340]LogWindows: Error: 
[2019.01.03-17.04.23:350][340]LogWindows: Error: Fatal error!
[2019.01.03-17.04.23:350][340]LogWindows: Error: 
[2019.01.03-17.04.23:350][340]LogWindows: Error: Unhandled Exception: EXCEPTION_ACCESS_VIOLATION reading address 0x000002b0
[2019.01.03-17.04.23:350][340]LogWindows: Error: 
[2019.01.03-17.04.23:350][340]LogWindows: Error: [Callstack] 0x00007ff84d51d09d UE4Editor-Engine.dll!UnknownFunction []
[2019.01.03-17.04.23:350][340]LogWindows: Error: [Callstack] 0x00007ff8604a2513 UE4Editor-Slate.dll!UnknownFunction []
[2019.01.03-17.04.23:350][340]LogWindows: Error: [Callstack] 0x00007ff860290952 UE4Editor-Slate.dll!UnknownFunction []
[2019.01.03-17.04.23:350][340]LogWindows: Error: [Callstack] 0x00007ff86027808b UE4Editor-Slate.dll!UnknownFunction []
[2019.01.03-17.04.23:350][340]LogWindows: Error: [Callstack] 0x00007ff86026e108 UE4Editor-Slate.dll!UnknownFunction []
[2019.01.03-17.04.23:350][340]LogWindows: Error: [Callstack] 0x00007ff86026aef2 UE4Editor-Slate.dll!UnknownFunction []
[2019.01.03-17.04.23:350][340]LogWindows: Error: [Callstack] 0x00007ff8684ddece UE4Editor-ApplicationCore.dll!UnknownFunction []
[2019.01.03-17.04.23:350][340]LogWindows: Error: [Callstack] 0x00007ff8684d0de0 UE4Editor-ApplicationCore.dll!UnknownFunction []
[2019.01.03-17.04.23:350][340]LogWindows: Error: [Callstack] 0x00007ff8684e01eb UE4Editor-ApplicationCore.dll!UnknownFunction []
[2019.01.03-17.04.23:350][340]LogWindows: Error: [Callstack] 0x00007ff8684cca19 UE4Editor-ApplicationCore.dll!UnknownFunction []
[2019.01.03-17.04.23:350][340]LogWindows: Error: [Callstack] 0x00007ff8a91f6d41 USER32.dll!UnknownFunction []
[2019.01.03-17.04.23:350][340]LogWindows: Error: [Callstack] 0x00007ff8a91f6713 USER32.dll!UnknownFunction []
[2019.01.03-17.04.23:350][340]LogWindows: Error: [Callstack] 0x00007ff8684e1746 UE4Editor-ApplicationCore.dll!UnknownFunction []
[2019.01.03-17.04.23:350][340]LogWindows: Error: [Callstack] 0x00007ff7dd5a5546 UE4Editor.exe!UnknownFunction []
[2019.01.03-17.04.23:350][340]LogWindows: Error: [Callstack] 0x00007ff7dd5b596c UE4Editor.exe!UnknownFunction []
[2019.01.03-17.04.23:350][340]LogWindows: Error: [Callstack] 0x00007ff7dd5b59ea UE4Editor.exe!UnknownFunction []
[2019.01.03-17.04.23:350][340]LogWindows: Error: [Callstack] 0x00007ff7dd5c48da UE4Editor.exe!UnknownFunction []
[2019.01.03-17.04.23:350][340]LogWindows: Error: [Callstack] 0x00007ff7dd5c659a UE4Editor.exe!UnknownFunction []
[2019.01.03-17.04.23:350][340]LogWindows: Error: [Callstack] 0x00007ff8a8d33034 KERNEL32.DLL!UnknownFunction []
[2019.01.03-17.04.23:350][340]LogWindows: Error: [Callstack] 0x00007ff8a9b43691 ntdll.dll!UnknownFunction []
[2019.01.03-17.04.23:350][340]LogWindows: Error: 
[2019.01.03-17.04.23:369][340]LogExit: Executing StaticShutdownAfterError
[2019.01.03-17.04.23:373][340]LogWindows: FPlatformMisc::RequestExit(1)
[2019.01.03-17.04.23:376][340]Log file closed, 01/03/19 12:04:23
