Log file open, 01/11/19 20:15:18
LogWindows: Failed to load 'aqProf.dll' (GetLastError=126)
LogWindows: File 'aqProf.dll' does not exist
LogWindows: Failed to load 'VtuneApi.dll' (GetLastError=126)
LogWindows: File 'VtuneApi.dll' does not exist
LogWindows: Failed to load 'VtuneApi32e.dll' (GetLastError=126)
LogWindows: File 'VtuneApi32e.dll' does not exist
LogConsoleResponse: Display: Failed to find resolution value strings in scalability ini. Falling back to default.
LogInit: Display: Running engine for game: StackerGame
LogPakFile: Registered encryption key '00000000000000000000000000000000': 0 pak files mounted, 0 remain pending
LogPlatformFile: Not using cached read wrapper
LogTaskGraph: Started task graph with 5 named threads and 23 total threads with 3 sets of task threads.
LogStats: Stats thread started at 0.333195
LogD3D11RHI: Loaded GFSDK_Aftermath_Lib.x64.dll
LogICUInternationalization: ICU TimeZone Detection - Raw Offset: -5:00, Platform Override: ''
LogPluginManager: Mounting plugin Paper2D
LogPluginManager: Mounting plugin AISupport
LogPluginManager: Mounting plugin LightPropagationVolume
LogPluginManager: Mounting plugin ActorLayerUtilities
LogPluginManager: Mounting plugin CLionSourceCodeAccess
LogPluginManager: Mounting plugin CodeLiteSourceCodeAccess
LogPluginManager: Mounting plugin GitSourceControl
LogPluginManager: Mounting plugin KDevelopSourceCodeAccess
LogPluginManager: Mounting plugin NullSourceCodeAccess
LogPluginManager: Mounting plugin PerforceSourceControl
LogPluginManager: Mounting plugin SubversionSourceControl
LogPluginManager: Mounting plugin UObjectPlugin
LogPluginManager: Mounting plugin VisualStudioCodeSourceCodeAccess
LogPluginManager: Mounting plugin VisualStudioSourceCodeAccess
LogPluginManager: Mounting plugin XCodeSourceCodeAccess
LogPluginManager: Mounting plugin AssetManagerEditor
LogPluginManager: Mounting plugin CryptoKeys
LogPluginManager: Mounting plugin DataValidation
LogPluginManager: Mounting plugin FacialAnimation
LogPluginManager: Mounting plugin GameplayTagsEditor
LogPluginManager: Mounting plugin MacGraphicsSwitching
LogPluginManager: Mounting plugin MeshEditor
LogPluginManager: Mounting plugin MobileLauncherProfileWizard
LogPluginManager: Mounting plugin PluginBrowser
LogPluginManager: Mounting plugin SpeedTreeImporter
LogPluginManager: Mounting plugin DatasmithContent
LogPluginManager: Mounting plugin VariantManagerContent
LogPluginManager: Mounting plugin AlembicImporter
LogPluginManager: Mounting plugin AppleImageUtils
LogPluginManager: Mounting plugin AppleVision
LogPluginManager: Mounting plugin BackChannel
LogPluginManager: Mounting plugin CharacterAI
LogPluginManager: Mounting plugin GeometryCache
LogPluginManager: Mounting plugin HTML5Networking
LogPluginManager: Mounting plugin ProxyLODPlugin
LogPluginManager: Mounting plugin MagicLeap
LogPluginManager: Mounting plugin MagicLeapMedia
LogPluginManager: Mounting plugin AndroidMedia
LogPluginManager: Mounting plugin AvfMedia
LogPluginManager: Mounting plugin ImgMedia
LogPluginManager: Mounting plugin LinearTimecode
LogPluginManager: Mounting plugin MediaCompositing
LogPluginManager: Mounting plugin MediaPlayerEditor
LogPluginManager: Mounting plugin WebMMedia
LogPluginManager: Mounting plugin WmfMedia
LogPluginManager: Mounting plugin TcpMessaging
LogPluginManager: Mounting plugin UdpMessaging
LogPluginManager: Mounting plugin ActorSequence
LogPluginManager: Mounting plugin LevelSequenceEditor
LogPluginManager: Mounting plugin MatineeToLevelSequence
LogPluginManager: Mounting plugin NetcodeUnitTest
LogPluginManager: Mounting plugin NUTUnrealEngine4
LogPluginManager: Mounting plugin OnlineSubsystemGooglePlay
LogPluginManager: Mounting plugin OnlineSubsystemIOS
LogPluginManager: Mounting plugin OnlineSubsystem
LogPluginManager: Mounting plugin OnlineSubsystemNull
LogPluginManager: Mounting plugin OnlineSubsystemUtils
LogPluginManager: Mounting plugin LauncherChunkInstaller
LogPluginManager: Mounting plugin AndroidDeviceProfileSelector
LogPluginManager: Mounting plugin AndroidMoviePlayer
LogPluginManager: Mounting plugin AndroidPermission
LogPluginManager: Mounting plugin AppleMoviePlayer
LogPluginManager: Mounting plugin ArchVisCharacter
LogPluginManager: Mounting plugin AudioCapture
LogPluginManager: Mounting plugin CableComponent
LogPluginManager: Mounting plugin CustomMeshComponent
LogPluginManager: Mounting plugin EditableMesh
LogPluginManager: Mounting plugin ExampleDeviceProfileSelector
LogPluginManager: Mounting plugin Firebase
LogPluginManager: Mounting plugin GoogleCloudMessaging
LogPluginManager: Mounting plugin IOSDeviceProfileSelector
LogPluginManager: Mounting plugin LinuxDeviceProfileSelector
LogPluginManager: Mounting plugin LocationServicesBPLibrary
LogPluginManager: Mounting plugin MobilePatchingUtils
LogPluginManager: Mounting plugin OculusVR
LogPluginManager: Mounting plugin PhysXVehicles
LogPluginManager: Mounting plugin ProceduralMeshComponent
LogPluginManager: Mounting plugin RuntimePhysXCooking
LogPluginManager: Mounting plugin SteamVR
LogPluginManager: Mounting plugin WebMMoviePlayer
LogPluginManager: Mounting plugin WindowsMoviePlayer
LogStreaming: Display: Took  0.066s to configure plugins.
LogInit: Using libcurl 7.55.1-DEV
LogInit:  - built for x86_64-pc-win32
LogInit:  - supports SSL with OpenSSL/1.0.2h
LogInit:  - supports HTTP deflate (compression) using libz 1.2.8
LogInit:  - other features:
LogInit:      CURL_VERSION_SSL
LogInit:      CURL_VERSION_LIBZ
LogInit:      CURL_VERSION_IPV6
LogInit:      CURL_VERSION_ASYNCHDNS
LogInit:      CURL_VERSION_LARGEFILE
LogInit:      CURL_VERSION_IDN
LogInit:  CurlRequestOptions (configurable via config and command line):
LogInit:  - bVerifyPeer = true  - Libcurl will verify peer certificate
LogInit:  - bUseHttpProxy = false  - Libcurl will NOT use HTTP proxy
LogInit:  - bDontReuseConnections = false  - Libcurl will reuse connections
LogInit:  - MaxHostConnections = 16  - Libcurl will limit the number of connections to a host
LogInit:  - LocalHostAddr = Default
LogInit:  - BufferSize = 65536
LogInit: WinSock: version 1.1 (2.2), MaxSocks=32767, MaxUdp=65467
LogInit: Build: ++UE4+Release-4.21-CL-4613538
LogInit: Engine Version: 4.21.1-4613538+++UE4+Release-4.21
LogInit: Compatible Engine Version: 4.21.0-4541578+++UE4+Release-4.21
LogInit: Net CL: 4541578
LogInit: OS: Windows 10 (), CPU: Intel(R) Core(TM) i7-7700HQ CPU @ 2.80GHz, GPU: Intel(R) HD Graphics 630
LogInit: Compiled (64-bit): Nov 30 2018 04:13:25
LogInit: Compiled with Visual C++: 19.13.26129.00
LogInit: Build Configuration: Development
LogInit: Branch Name: ++UE4+Release-4.21
LogInit: Command Line:  /Game/Maps/StackMap -game -PIEVIACONSOLE -ResX=1280 -ResY=720 -Multiprocess -messaging -SessionName="Play in Standalone Game" -MobileTargetDevice="Galaxy Note 9 (Adreno)" -faketouches -MultiprocessSaveConfig -windowed
LogInit: Base Directory: C:/Program Files/Epic Games/UE_4.21/Engine/Binaries/Win64/
LogInit: Installed Engine Build: 1
LogDevObjectVersion: Number of dev versions registered: 22
LogDevObjectVersion:   Dev-Blueprints (B0D832E4-1F89-4F0D-ACCF-7EB736FD4AA2): 10
LogDevObjectVersion:   Dev-Build (E1C64328-A22C-4D53-A36C-8E866417BD8C): 0
LogDevObjectVersion:   Dev-Core (375EC13C-06E4-48FB-B500-84F0262A717E): 2
LogDevObjectVersion:   Dev-Editor (E4B068ED-F494-42E9-A231-DA0B2E46BB41): 26
LogDevObjectVersion:   Dev-Framework (CFFC743F-43B0-4480-9391-14DF171D2073): 34
LogDevObjectVersion:   Dev-Mobile (B02B49B5-BB20-44E9-A304-32B752E40360): 2
LogDevObjectVersion:   Dev-Networking (A4E4105C-59A1-49B5-A7C5-40C4547EDFEE): 0
LogDevObjectVersion:   Dev-Online (39C831C9-5AE6-47DC-9A44-9C173E1C8E7C): 0
LogDevObjectVersion:   Dev-Physics (78F01B33-EBEA-4F98-B9B4-84EACCB95AA2): 0
LogDevObjectVersion:   Dev-Platform (6631380F-2D4D-43E0-8009-CF276956A95A): 0
LogDevObjectVersion:   Dev-Rendering (12F88B9F-8875-4AFC-A67C-D90C383ABD29): 27
LogDevObjectVersion:   Dev-Sequencer (7B5AE74C-D270-4C10-A958-57980B212A5A): 9
LogDevObjectVersion:   Dev-VR (D7296918-1DD6-4BDD-9DE2-64A83CC13884): 2
LogDevObjectVersion:   Dev-LoadTimes (C2A15278-BFE7-4AFE-6C17-90FF531DF755): 1
LogDevObjectVersion:   Private-Geometry (6EACA3D4-40EC-4CC1-B786-8BED09428FC5): 3
LogDevObjectVersion:   Dev-AnimPhys (29E575DD-E0A3-4627-9D10-D276232CDCEA): 17
LogDevObjectVersion:   Dev-Anim (AF43A65D-7FD3-4947-9873-3E8ED9C1BB05): 2
LogDevObjectVersion:   Dev-ReflectionCapture (6B266CEC-1EC7-4B8F-A30B-E4D90942FC07): 1
LogDevObjectVersion:   Dev-Automation (0DF73D61-A23F-47EA-B727-89E90C41499A): 1
LogDevObjectVersion:   FortniteMain (601D1886-AC64-4F84-AA16-D3DE0DEAC7D6): 17
LogDevObjectVersion:   Dev-Enterprise (9DFFBCD6-494F-0158-E221-12823C92A888): 4
LogDevObjectVersion:   Dev-Niagara (F2AED0AC-9AFE-416F-8664-AA7FFA26D6FC): 1
LogStreaming: Display: Took  0.004s to delete old logs.
LogInit: Presizing for max 8388607 objects, including 0 objects not considered by GC, pre-allocating 0 bytes for permanent pool.
LogInit: Object subsystem initialized
LogConfig: Setting CVar [[con.DebugEarlyDefault:1]]
LogConfig: Setting CVar [[r.setres:1280x720]]
[2019.01.12-01.15.19:215][  0]LogConfig: Setting CVar [[con.DebugEarlyDefault:1]]
[2019.01.12-01.15.19:215][  0]LogConfig: Setting CVar [[r.setres:1280x720]]
[2019.01.12-01.15.19:215][  0]LogConfig: Applying CVar settings from Section [/Script/Engine.RendererSettings] File [C:/Users/nope/Desktop/GitRepos/UnrealStack/StackerGame 4.21/Saved/Config/Windows/Engine.ini]
[2019.01.12-01.15.19:215][  0]LogConfig: Setting CVar [[r.GPUCrashDebugging:0]]
[2019.01.12-01.15.19:215][  0]LogConfig: Setting CVar [[r.MobileHDR:1]]
[2019.01.12-01.15.19:215][  0]LogConfig: Setting CVar [[r.Mobile.DisableVertexFog:1]]
[2019.01.12-01.15.19:215][  0]LogConfig: Setting CVar [[r.Shadow.CSM.MaxMobileCascades:2]]
[2019.01.12-01.15.19:215][  0]LogConfig: Setting CVar [[r.MobileMSAA:1]]
[2019.01.12-01.15.19:215][  0]LogConfig: Setting CVar [[r.DiscardUnusedQuality:0]]
[2019.01.12-01.15.19:215][  0]LogConfig: Setting CVar [[r.AllowOcclusionQueries:1]]
[2019.01.12-01.15.19:215][  0]LogConfig: Setting CVar [[r.MinScreenRadiusForLights:0.030000]]
[2019.01.12-01.15.19:215][  0]LogConfig: Setting CVar [[r.MinScreenRadiusForDepthPrepass:0.030000]]
[2019.01.12-01.15.19:216][  0]LogConfig: Setting CVar [[r.MinScreenRadiusForCSMDepth:0.010000]]
[2019.01.12-01.15.19:216][  0]LogConfig: Setting CVar [[r.PrecomputedVisibilityWarning:0]]
[2019.01.12-01.15.19:216][  0]LogConfig: Setting CVar [[r.TextureStreaming:1]]
[2019.01.12-01.15.19:216][  0]LogConfig: Setting CVar [[Compat.UseDXT5NormalMaps:0]]
[2019.01.12-01.15.19:216][  0]LogConfig: Setting CVar [[r.ClearCoatNormal:0]]
[2019.01.12-01.15.19:216][  0]LogConfig: Setting CVar [[r.ReflectionCaptureResolution:128]]
[2019.01.12-01.15.19:216][  0]LogConfig: Setting CVar [[r.ReflectionEnvironmentLightmapMixBasedOnRoughness:1]]
[2019.01.12-01.15.19:216][  0]LogConfig: Setting CVar [[r.ForwardShading:0]]
[2019.01.12-01.15.19:216][  0]LogConfig: Setting CVar [[r.VertexFoggingForOpaque:1]]
[2019.01.12-01.15.19:216][  0]LogConfig: Setting CVar [[r.AllowStaticLighting:1]]
[2019.01.12-01.15.19:216][  0]LogConfig: Setting CVar [[r.NormalMapsForStaticLighting:0]]
[2019.01.12-01.15.19:216][  0]LogConfig: Setting CVar [[r.GenerateMeshDistanceFields:0]]
[2019.01.12-01.15.19:216][  0]LogConfig: Setting CVar [[r.DistanceFieldBuild.EightBit:0]]
[2019.01.12-01.15.19:216][  0]LogConfig: Setting CVar [[r.GenerateLandscapeGIData:0]]
[2019.01.12-01.15.19:216][  0]LogConfig: Setting CVar [[r.DistanceFieldBuild.Compress:0]]
[2019.01.12-01.15.19:216][  0]LogConfig: Setting CVar [[r.TessellationAdaptivePixelsPerTriangle:48.000000]]
[2019.01.12-01.15.19:216][  0]LogConfig: Setting CVar [[r.SeparateTranslucency:0]]
[2019.01.12-01.15.19:216][  0]LogConfig: Setting CVar [[r.TranslucentSortPolicy:0]]
[2019.01.12-01.15.19:216][  0]LogConfig: Setting CVar [[r.CustomDepth:1]]
[2019.01.12-01.15.19:216][  0]LogConfig: Setting CVar [[r.CustomDepthTemporalAAJitter:1]]
[2019.01.12-01.15.19:216][  0]LogConfig: Setting CVar [[r.PostProcessing.PropagateAlpha:1]]
[2019.01.12-01.15.19:216][  0]LogConfig: Setting CVar [[r.DefaultFeature.Bloom:0]]
[2019.01.12-01.15.19:216][  0]LogConfig: Setting CVar [[r.DefaultFeature.AmbientOcclusion:0]]
[2019.01.12-01.15.19:216][  0]LogConfig: Setting CVar [[r.DefaultFeature.AmbientOcclusionStaticFraction:1]]
[2019.01.12-01.15.19:216][  0]LogConfig: Setting CVar [[r.DefaultFeature.AutoExposure:0]]
[2019.01.12-01.15.19:216][  0]LogConfig: Setting CVar [[r.DefaultFeature.AutoExposure.Method:0]]
[2019.01.12-01.15.19:216][  0]LogConfig: Setting CVar [[r.DefaultFeature.MotionBlur:0]]
[2019.01.12-01.15.19:216][  0]LogConfig: Setting CVar [[r.DefaultFeature.LensFlare:0]]
[2019.01.12-01.15.19:216][  0]LogConfig: Setting CVar [[r.DefaultFeature.AntiAliasing:0]]
[2019.01.12-01.15.19:216][  0]LogConfig: Setting CVar [[r.Shadow.UnbuiltPreviewInGame:1]]
[2019.01.12-01.15.19:216][  0]LogConfig: Setting CVar [[r.StencilForLODDither:0]]
[2019.01.12-01.15.19:216][  0]LogConfig: Setting CVar [[r.EarlyZPass:3]]
[2019.01.12-01.15.19:216][  0]LogConfig: Setting CVar [[r.EarlyZPassMovable:1]]
[2019.01.12-01.15.19:216][  0]LogConfig: Setting CVar [[r.EarlyZPassOnlyMaterialMasking:0]]
[2019.01.12-01.15.19:216][  0]LogConfig: Setting CVar [[r.DBuffer:1]]
[2019.01.12-01.15.19:216][  0]LogConfig: Setting CVar [[r.ClearSceneMethod:1]]
[2019.01.12-01.15.19:216][  0]LogConfig: Setting CVar [[r.BasePassOutputsVelocity:0]]
[2019.01.12-01.15.19:216][  0]LogConfig: Setting CVar [[r.SelectiveBasePassOutputs:0]]
[2019.01.12-01.15.19:216][  0]LogConfig: Setting CVar [[r.AllowGlobalClipPlane:0]]
[2019.01.12-01.15.19:216][  0]LogConfig: Setting CVar [[r.GBufferFormat:1]]
[2019.01.12-01.15.19:216][  0]LogConfig: Setting CVar [[r.MorphTarget.Mode:1]]
[2019.01.12-01.15.19:216][  0]LogConfig: Setting CVar [[vr.InstancedStereo:0]]
[2019.01.12-01.15.19:216][  0]LogConfig: Setting CVar [[vr.MultiView:0]]
[2019.01.12-01.15.19:216][  0]LogConfig: Setting CVar [[vr.MobileMultiView:0]]
[2019.01.12-01.15.19:216][  0]LogConfig: Setting CVar [[vr.MobileMultiView.Direct:0]]
[2019.01.12-01.15.19:216][  0]LogConfig: Setting CVar [[vr.MonoscopicFarField:0]]
[2019.01.12-01.15.19:216][  0]LogConfig: Setting CVar [[r.WireframeCullThreshold:5.000000]]
[2019.01.12-01.15.19:216][  0]LogConfig: Setting CVar [[r.SupportStationarySkylight:1]]
[2019.01.12-01.15.19:216][  0]LogConfig: Setting CVar [[r.SupportLowQualityLightmaps:1]]
[2019.01.12-01.15.19:216][  0]LogConfig: Setting CVar [[r.SupportPointLightWholeSceneShadows:1]]
[2019.01.12-01.15.19:216][  0]LogConfig: Setting CVar [[r.SupportAtmosphericFog:1]]
[2019.01.12-01.15.19:216][  0]LogConfig: Setting CVar [[r.SkinCache.CompileShaders:0]]
[2019.01.12-01.15.19:216][  0]LogConfig: Setting CVar [[r.Mobile.EnableStaticAndCSMShadowReceivers:1]]
[2019.01.12-01.15.19:216][  0]LogConfig: Setting CVar [[r.Mobile.AllowDistanceFieldShadows:1]]
[2019.01.12-01.15.19:216][  0]LogConfig: Setting CVar [[r.Mobile.AllowMovableDirectionalLights:1]]
[2019.01.12-01.15.19:216][  0]LogConfig: Setting CVar [[r.MobileNumDynamicPointLights:4]]
[2019.01.12-01.15.19:216][  0]LogConfig: Setting CVar [[r.MobileDynamicPointLightsUseStaticBranch:1]]
[2019.01.12-01.15.19:216][  0]LogConfig: Setting CVar [[r.SkinCache.SceneMemoryLimitInMB:128.000000]]
[2019.01.12-01.15.19:216][  0]LogConfig: Setting CVar [[r.GPUSkin.Limit2BoneInfluences:0]]
[2019.01.12-01.15.19:216][  0]LogConfig: Setting CVar [[r.SupportDepthOnlyIndexBuffers:1]]
[2019.01.12-01.15.19:216][  0]LogConfig: Setting CVar [[r.SupportReversedIndexBuffers:1]]
[2019.01.12-01.15.19:216][  0]LogConfig: Applying CVar settings from Section [/Script/Engine.RendererOverrideSettings] File [C:/Users/nope/Desktop/GitRepos/UnrealStack/StackerGame 4.21/Saved/Config/Windows/Engine.ini]
[2019.01.12-01.15.19:216][  0]LogConfig: Applying CVar settings from Section [/Script/Engine.StreamingSettings] File [C:/Users/nope/Desktop/GitRepos/UnrealStack/StackerGame 4.21/Saved/Config/Windows/Engine.ini]
[2019.01.12-01.15.19:217][  0]LogConfig: Setting CVar [[s.MinBulkDataSizeForAsyncLoading:131072]]
[2019.01.12-01.15.19:217][  0]LogConfig: Setting CVar [[s.AsyncLoadingThreadEnabled:0]]
[2019.01.12-01.15.19:217][  0]LogConfig: Setting CVar [[s.EventDrivenLoaderEnabled:1]]
[2019.01.12-01.15.19:217][  0]LogConfig: Setting CVar [[s.WarnIfTimeLimitExceeded:0]]
[2019.01.12-01.15.19:217][  0]LogConfig: Setting CVar [[s.TimeLimitExceededMultiplier:1.5]]
[2019.01.12-01.15.19:217][  0]LogConfig: Setting CVar [[s.TimeLimitExceededMinTime:0.005]]
[2019.01.12-01.15.19:217][  0]LogConfig: Setting CVar [[s.UseBackgroundLevelStreaming:1]]
[2019.01.12-01.15.19:217][  0]LogConfig: Setting CVar [[s.PriorityAsyncLoadingExtraTime:15.0]]
[2019.01.12-01.15.19:217][  0]LogConfig: Setting CVar [[s.LevelStreamingActorsUpdateTimeLimit:5.0]]
[2019.01.12-01.15.19:217][  0]LogConfig: Setting CVar [[s.PriorityLevelStreamingActorsUpdateExtraTime:5.0]]
[2019.01.12-01.15.19:217][  0]LogConfig: Setting CVar [[s.LevelStreamingComponentsRegistrationGranularity:10]]
[2019.01.12-01.15.19:217][  0]LogConfig: Setting CVar [[s.UnregisterComponentsTimeLimit:1.0]]
[2019.01.12-01.15.19:217][  0]LogConfig: Setting CVar [[s.LevelStreamingComponentsUnregistrationGranularity:5]]
[2019.01.12-01.15.19:217][  0]LogConfig: Applying CVar settings from Section [/Script/Engine.GarbageCollectionSettings] File [C:/Users/nope/Desktop/GitRepos/UnrealStack/StackerGame 4.21/Saved/Config/Windows/Engine.ini]
[2019.01.12-01.15.19:217][  0]LogConfig: Setting CVar [[gc.MaxObjectsNotConsideredByGC:1]]
[2019.01.12-01.15.19:217][  0]LogConfig: Setting CVar [[gc.SizeOfPermanentObjectPool:0]]
[2019.01.12-01.15.19:217][  0]LogConfig: Setting CVar [[gc.FlushStreamingOnGC:0]]
[2019.01.12-01.15.19:217][  0]LogConfig: Setting CVar [[gc.NumRetriesBeforeForcingGC:10]]
[2019.01.12-01.15.19:217][  0]LogConfig: Setting CVar [[gc.AllowParallelGC:1]]
[2019.01.12-01.15.19:217][  0]LogConfig: Setting CVar [[gc.TimeBetweenPurgingPendingKillObjects:61.1]]
[2019.01.12-01.15.19:217][  0]LogConfig: Setting CVar [[gc.MaxObjectsInEditor:8388607]]
[2019.01.12-01.15.19:217][  0]LogConfig: Setting CVar [[gc.IncrementalBeginDestroyEnabled:1]]
[2019.01.12-01.15.19:217][  0]LogConfig: Setting CVar [[gc.CreateGCClusters:1]]
[2019.01.12-01.15.19:217][  0]LogConfig: Setting CVar [[gc.MergeGCClusters:0]]
[2019.01.12-01.15.19:217][  0]LogConfig: Setting CVar [[gc.MinGCClusterSize:5]]
[2019.01.12-01.15.19:217][  0]LogConfig: Setting CVar [[gc.ActorClusteringEnabled:0]]
[2019.01.12-01.15.19:217][  0]LogConfig: Setting CVar [[gc.BlueprintClusteringEnabled:0]]
[2019.01.12-01.15.19:217][  0]LogConfig: Setting CVar [[gc.UseDisregardForGCOnDedicatedServers:0]]
[2019.01.12-01.15.19:217][  0]LogConfig: Applying CVar settings from Section [/Script/Engine.NetworkSettings] File [C:/Users/nope/Desktop/GitRepos/UnrealStack/StackerGame 4.21/Saved/Config/Windows/Engine.ini]
[2019.01.12-01.15.19:217][  0]LogConfig: Applying CVar settings from Section [/Script/UnrealEd.CookerSettings] File [C:/Users/nope/Desktop/GitRepos/UnrealStack/StackerGame 4.21/Saved/Config/Windows/Engine.ini]
[2019.01.12-01.15.19:230][  0]LogConfig: Applying CVar settings from Section [ViewDistanceQuality@3] File [C:/Users/nope/Desktop/GitRepos/UnrealStack/StackerGame 4.21/Saved/Config/Windows/Scalability.ini]
[2019.01.12-01.15.19:230][  0]LogConfig: Setting CVar [[r.SkeletalMeshLODBias:0]]
[2019.01.12-01.15.19:230][  0]LogConfig: Setting CVar [[r.ViewDistanceScale:1.0]]
[2019.01.12-01.15.19:230][  0]LogConfig: Applying CVar settings from Section [AntiAliasingQuality@3] File [C:/Users/nope/Desktop/GitRepos/UnrealStack/StackerGame 4.21/Saved/Config/Windows/Scalability.ini]
[2019.01.12-01.15.19:230][  0]LogConfig: Setting CVar [[r.PostProcessAAQuality:4]]
[2019.01.12-01.15.19:230][  0]LogConfig: Applying CVar settings from Section [ShadowQuality@3] File [C:/Users/nope/Desktop/GitRepos/UnrealStack/StackerGame 4.21/Saved/Config/Windows/Scalability.ini]
[2019.01.12-01.15.19:230][  0]LogConfig: Setting CVar [[r.LightFunctionQuality:1]]
[2019.01.12-01.15.19:230][  0]LogConfig: Setting CVar [[r.ShadowQuality:5]]
[2019.01.12-01.15.19:230][  0]LogConfig: Setting CVar [[r.Shadow.CSM.MaxCascades:10]]
[2019.01.12-01.15.19:230][  0]LogConfig: Setting CVar [[r.Shadow.MaxResolution:2048]]
[2019.01.12-01.15.19:230][  0]LogConfig: Setting CVar [[r.Shadow.MaxCSMResolution:2048]]
[2019.01.12-01.15.19:230][  0]LogConfig: Setting CVar [[r.Shadow.RadiusThreshold:0.01]]
[2019.01.12-01.15.19:230][  0]LogConfig: Setting CVar [[r.Shadow.DistanceScale:1.0]]
[2019.01.12-01.15.19:230][  0]LogConfig: Setting CVar [[r.Shadow.CSM.TransitionScale:1.0]]
[2019.01.12-01.15.19:230][  0]LogConfig: Setting CVar [[r.Shadow.PreShadowResolutionFactor:1.0]]
[2019.01.12-01.15.19:230][  0]LogConfig: Setting CVar [[r.DistanceFieldShadowing:1]]
[2019.01.12-01.15.19:230][  0]LogConfig: Setting CVar [[r.DistanceFieldAO:1]]
[2019.01.12-01.15.19:230][  0]LogConfig: Setting CVar [[r.AOQuality:2]]
[2019.01.12-01.15.19:230][  0]LogConfig: Setting CVar [[r.VolumetricFog:1]]
[2019.01.12-01.15.19:230][  0]LogConfig: Setting CVar [[r.VolumetricFog.GridPixelSize:8]]
[2019.01.12-01.15.19:230][  0]LogConfig: Setting CVar [[r.VolumetricFog.GridSizeZ:128]]
[2019.01.12-01.15.19:231][  0]LogConfig: Setting CVar [[r.VolumetricFog.HistoryMissSupersampleCount:4]]
[2019.01.12-01.15.19:231][  0]LogConfig: Setting CVar [[r.LightMaxDrawDistanceScale:1]]
[2019.01.12-01.15.19:231][  0]LogConfig: Setting CVar [[r.CapsuleShadows:1]]
[2019.01.12-01.15.19:231][  0]LogConfig: Applying CVar settings from Section [PostProcessQuality@3] File [C:/Users/nope/Desktop/GitRepos/UnrealStack/StackerGame 4.21/Saved/Config/Windows/Scalability.ini]
[2019.01.12-01.15.19:231][  0]LogConfig: Setting CVar [[r.MotionBlurQuality:4]]
[2019.01.12-01.15.19:231][  0]LogConfig: Setting CVar [[r.AmbientOcclusionMipLevelFactor:0.4]]
[2019.01.12-01.15.19:231][  0]LogConfig: Setting CVar [[r.AmbientOcclusionMaxQuality:100]]
[2019.01.12-01.15.19:231][  0]LogConfig: Setting CVar [[r.AmbientOcclusionLevels:-1]]
[2019.01.12-01.15.19:231][  0]LogConfig: Setting CVar [[r.AmbientOcclusionRadiusScale:1.0]]
[2019.01.12-01.15.19:231][  0]LogConfig: Setting CVar [[r.DepthOfFieldQuality:2]]
[2019.01.12-01.15.19:231][  0]LogConfig: Setting CVar [[r.RenderTargetPoolMin:400]]
[2019.01.12-01.15.19:231][  0]LogConfig: Setting CVar [[r.LensFlareQuality:2]]
[2019.01.12-01.15.19:231][  0]LogConfig: Setting CVar [[r.SceneColorFringeQuality:1]]
[2019.01.12-01.15.19:231][  0]LogConfig: Setting CVar [[r.EyeAdaptationQuality:2]]
[2019.01.12-01.15.19:231][  0]LogConfig: Setting CVar [[r.BloomQuality:5]]
[2019.01.12-01.15.19:231][  0]LogConfig: Setting CVar [[r.FastBlurThreshold:100]]
[2019.01.12-01.15.19:231][  0]LogConfig: Setting CVar [[r.Upscale.Quality:3]]
[2019.01.12-01.15.19:231][  0]LogConfig: Setting CVar [[r.Tonemapper.GrainQuantization:1]]
[2019.01.12-01.15.19:231][  0]LogConfig: Setting CVar [[r.LightShaftQuality:1]]
[2019.01.12-01.15.19:231][  0]LogConfig: Setting CVar [[r.Filter.SizeScale:1]]
[2019.01.12-01.15.19:231][  0]LogConfig: Setting CVar [[r.Tonemapper.Quality:5]]
[2019.01.12-01.15.19:231][  0]LogConfig: Setting CVar [[r.DOF.Gather.AccumulatorQuality:1        ; higher gathering accumulator quality]]
[2019.01.12-01.15.19:231][  0]LogConfig: Setting CVar [[r.DOF.Gather.PostfilterMethod:1          ; Median3x3 postfilering method]]
[2019.01.12-01.15.19:231][  0]LogConfig: Setting CVar [[r.DOF.Gather.EnableBokehSettings:0       ; no bokeh simulation when gathering]]
[2019.01.12-01.15.19:231][  0]LogConfig: Setting CVar [[r.DOF.Gather.RingCount:4                 ; medium number of samples when gathering]]
[2019.01.12-01.15.19:231][  0]LogConfig: Setting CVar [[r.DOF.Scatter.ForegroundCompositing:1    ; additive foreground scattering]]
[2019.01.12-01.15.19:231][  0]LogConfig: Setting CVar [[r.DOF.Scatter.BackgroundCompositing:2    ; additive background scattering]]
[2019.01.12-01.15.19:231][  0]LogConfig: Setting CVar [[r.DOF.Scatter.EnableBokehSettings:1      ; bokeh simulation when scattering]]
[2019.01.12-01.15.19:231][  0]LogConfig: Setting CVar [[r.DOF.Scatter.MaxSpriteRatio:0.1         ; only a maximum of 10% of scattered bokeh]]
[2019.01.12-01.15.19:231][  0]LogConfig: Setting CVar [[r.DOF.Recombine.Quality:1                ; cheap slight out of focus]]
[2019.01.12-01.15.19:231][  0]LogConfig: Setting CVar [[r.DOF.Recombine.EnableBokehSettings:0    ; no bokeh simulation on slight out of focus]]
[2019.01.12-01.15.19:231][  0]LogConfig: Setting CVar [[r.DOF.TemporalAAQuality:1                ; more stable temporal accumulation]]
[2019.01.12-01.15.19:231][  0]LogConfig: Setting CVar [[r.DOF.Kernel.MaxForegroundRadius:0.025]]
[2019.01.12-01.15.19:231][  0]LogConfig: Setting CVar [[r.DOF.Kernel.MaxBackgroundRadius:0.025]]
[2019.01.12-01.15.19:231][  0]LogConfig: Applying CVar settings from Section [TextureQuality@3] File [C:/Users/nope/Desktop/GitRepos/UnrealStack/StackerGame 4.21/Saved/Config/Windows/Scalability.ini]
[2019.01.12-01.15.19:231][  0]LogConfig: Setting CVar [[r.Streaming.MipBias:0]]
[2019.01.12-01.15.19:231][  0]LogConfig: Setting CVar [[r.Streaming.AmortizeCPUToGPUCopy:0]]
[2019.01.12-01.15.19:231][  0]LogConfig: Setting CVar [[r.Streaming.MaxNumTexturesToStreamPerFrame:0]]
[2019.01.12-01.15.19:231][  0]LogConfig: Setting CVar [[r.Streaming.Boost:1]]
[2019.01.12-01.15.19:231][  0]LogConfig: Setting CVar [[r.MaxAnisotropy:8]]
[2019.01.12-01.15.19:231][  0]LogConfig: Setting CVar [[r.Streaming.LimitPoolSizeToVRAM:0]]
[2019.01.12-01.15.19:231][  0]LogConfig: Setting CVar [[r.Streaming.PoolSize:1000]]
[2019.01.12-01.15.19:231][  0]LogConfig: Setting CVar [[r.Streaming.MaxEffectiveScreenSize:0]]
[2019.01.12-01.15.19:231][  0]LogConfig: Applying CVar settings from Section [EffectsQuality@3] File [C:/Users/nope/Desktop/GitRepos/UnrealStack/StackerGame 4.21/Saved/Config/Windows/Scalability.ini]
[2019.01.12-01.15.19:231][  0]LogConfig: Setting CVar [[r.TranslucencyLightingVolumeDim:64]]
[2019.01.12-01.15.19:231][  0]LogConfig: Setting CVar [[r.RefractionQuality:2]]
[2019.01.12-01.15.19:231][  0]LogConfig: Setting CVar [[r.SSR.Quality:3]]
[2019.01.12-01.15.19:231][  0]LogConfig: Setting CVar [[r.SceneColorFormat:4]]
[2019.01.12-01.15.19:232][  0]LogConfig: Setting CVar [[r.DetailMode:2]]
[2019.01.12-01.15.19:232][  0]LogConfig: Setting CVar [[r.TranslucencyVolumeBlur:1]]
[2019.01.12-01.15.19:232][  0]LogConfig: Setting CVar [[r.MaterialQualityLevel:1 ; High quality]]
[2019.01.12-01.15.19:232][  0]LogConfig: Setting CVar [[r.SSS.Scale:1]]
[2019.01.12-01.15.19:232][  0]LogConfig: Setting CVar [[r.SSS.SampleSet:2]]
[2019.01.12-01.15.19:232][  0]LogConfig: Setting CVar [[r.SSS.Quality:1]]
[2019.01.12-01.15.19:232][  0]LogConfig: Setting CVar [[r.SSS.HalfRes:1]]
[2019.01.12-01.15.19:232][  0]LogConfig: Setting CVar [[r.EmitterSpawnRateScale:1.0]]
[2019.01.12-01.15.19:232][  0]LogConfig: Setting CVar [[r.ParticleLightQuality:2]]
[2019.01.12-01.15.19:232][  0]LogConfig: Applying CVar settings from Section [FoliageQuality@3] File [C:/Users/nope/Desktop/GitRepos/UnrealStack/StackerGame 4.21/Saved/Config/Windows/Scalability.ini]
[2019.01.12-01.15.19:232][  0]LogConfig: Setting CVar [[foliage.DensityScale:1.0]]
[2019.01.12-01.15.19:232][  0]LogConfig: Setting CVar [[grass.DensityScale:1.0]]
[2019.01.12-01.15.19:232][  0]LogInit: Selected Device Profile: [Windows]
[2019.01.12-01.15.19:254][  0]LogAndroid: Checking 32 rules from DeviceProfile ini file.
[2019.01.12-01.15.19:254][  0]LogAndroid:   Default profile: 
[2019.01.12-01.15.19:254][  0]LogAndroid:   GpuFamily: Adreno (TM) 630
[2019.01.12-01.15.19:254][  0]LogAndroid:   GlVersion: OpenGL ES 3.2 V@300.0 (GIT@2d7e27f, I078fc2db4b) (Date:06/20/18)
[2019.01.12-01.15.19:254][  0]LogAndroid:   VulkanAvailable: false
[2019.01.12-01.15.19:254][  0]LogAndroid:   VulkanVersion: 0.0.0
[2019.01.12-01.15.19:254][  0]LogAndroid:   AndroidVersion: 8.1.0
[2019.01.12-01.15.19:254][  0]LogAndroid:   DeviceMake: samsung
[2019.01.12-01.15.19:254][  0]LogAndroid:   DeviceModel: SM_N960U
[2019.01.12-01.15.19:254][  0]LogAndroid:   DeviceBuildNumber: 
[2019.01.12-01.15.19:254][  0]LogAndroid:   UsingHoudini: false
[2019.01.12-01.15.19:260][  0]LogAndroid: Selected Device Profile: [Android_Adreno6xx]
[2019.01.12-01.15.19:261][  0]LogInit: Applying CVar settings loaded from the selected device profile: [Android_Adreno6xx]
[2019.01.12-01.15.19:261][  0]LogHAL: Display: Platform has ~ 16 GB [16985501696 / 17179869184 / 16], which maps to Larger [LargestMinGB=32, LargerMinGB=12, DefaultMinGB=8, SmallerMinGB=6, SmallestMinGB=0)
[2019.01.12-01.15.19:261][  0]LogInit: Warning: Creating unregistered Device Profile CVar: [[r.DisjointTimerQueries:1]]
[2019.01.12-01.15.19:261][  0]LogInit: Going up to parent DeviceProfile [Android_High]
[2019.01.12-01.15.19:261][  0]LogConfig: Setting CVar [[r.BloomQuality:1]]
[2019.01.12-01.15.19:261][  0]LogConfig: Setting CVar [[r.DepthOfFieldQuality:1]]
[2019.01.12-01.15.19:261][  0]LogConfig: Setting CVar [[r.LightShaftQuality:1]]
[2019.01.12-01.15.19:261][  0]LogConfig: Setting CVar [[r.RefractionQuality:1]]
[2019.01.12-01.15.19:261][  0]LogConfig: Setting CVar [[r.MobileContentScaleFactor:1.0]]
[2019.01.12-01.15.19:261][  0]LogInit: Going up to parent DeviceProfile [Android]
[2019.01.12-01.15.19:261][  0]LogConfig: Setting CVar [[r.ShadowQuality:2]]
[2019.01.12-01.15.19:261][  0]LogConfig: Setting CVar [[slate.AbsoluteIndices:1]]
[2019.01.12-01.15.19:261][  0]LogConfig: Setting CVar [[r.Vulkan.DelayAcquireBackBuffer:0]]
[2019.01.12-01.15.19:261][  0]LogConfig: Setting CVar [[r.Vulkan.RobustBufferAccess:1]]
[2019.01.12-01.15.19:261][  0]LogConfig: Setting CVar [[r.Vulkan.DescriptorSetLayoutMode:2]]
[2019.01.12-01.15.19:261][  0]LogInit: Going up to parent DeviceProfile []
[2019.01.12-01.15.19:261][  0]LogConfig: Applying CVar settings from Section [ViewDistanceQuality@3] File [C:/Users/nope/Desktop/GitRepos/UnrealStack/StackerGame 4.21/Saved/Config/Windows/Scalability.ini]
[2019.01.12-01.15.19:261][  0]LogConfig: Setting CVar [[r.SkeletalMeshLODBias:0]]
[2019.01.12-01.15.19:261][  0]LogConfig: Setting CVar [[r.ViewDistanceScale:1.0]]
[2019.01.12-01.15.19:261][  0]LogConfig: Applying CVar settings from Section [AntiAliasingQuality@3] File [C:/Users/nope/Desktop/GitRepos/UnrealStack/StackerGame 4.21/Saved/Config/Windows/Scalability.ini]
[2019.01.12-01.15.19:261][  0]LogConfig: Setting CVar [[r.PostProcessAAQuality:4]]
[2019.01.12-01.15.19:261][  0]LogConfig: Applying CVar settings from Section [ShadowQuality@3] File [C:/Users/nope/Desktop/GitRepos/UnrealStack/StackerGame 4.21/Saved/Config/Windows/Scalability.ini]
[2019.01.12-01.15.19:261][  0]LogConfig: Setting CVar [[r.LightFunctionQuality:1]]
[2019.01.12-01.15.19:261][  0]LogConfig: Setting CVar [[r.ShadowQuality:5]]
[2019.01.12-01.15.19:261][  0]LogConsoleManager: Setting the console variable 'r.ShadowQuality' with 'SetByScalability' was ignored as it is lower priority than the previous 'SetByDeviceProfile'. Value remains '2'
[2019.01.12-01.15.19:261][  0]LogConfig: Setting CVar [[r.Shadow.CSM.MaxCascades:10]]
[2019.01.12-01.15.19:261][  0]LogConfig: Setting CVar [[r.Shadow.MaxResolution:2048]]
[2019.01.12-01.15.19:261][  0]LogConfig: Setting CVar [[r.Shadow.MaxCSMResolution:2048]]
[2019.01.12-01.15.19:261][  0]LogConfig: Setting CVar [[r.Shadow.RadiusThreshold:0.01]]
[2019.01.12-01.15.19:261][  0]LogConfig: Setting CVar [[r.Shadow.DistanceScale:1.0]]
[2019.01.12-01.15.19:261][  0]LogConfig: Setting CVar [[r.Shadow.CSM.TransitionScale:1.0]]
[2019.01.12-01.15.19:261][  0]LogConfig: Setting CVar [[r.Shadow.PreShadowResolutionFactor:1.0]]
[2019.01.12-01.15.19:261][  0]LogConfig: Setting CVar [[r.DistanceFieldShadowing:1]]
[2019.01.12-01.15.19:261][  0]LogConfig: Setting CVar [[r.DistanceFieldAO:1]]
[2019.01.12-01.15.19:261][  0]LogConfig: Setting CVar [[r.AOQuality:2]]
[2019.01.12-01.15.19:262][  0]LogConfig: Setting CVar [[r.VolumetricFog:1]]
[2019.01.12-01.15.19:262][  0]LogConfig: Setting CVar [[r.VolumetricFog.GridPixelSize:8]]
[2019.01.12-01.15.19:262][  0]LogConfig: Setting CVar [[r.VolumetricFog.GridSizeZ:128]]
[2019.01.12-01.15.19:262][  0]LogConfig: Setting CVar [[r.VolumetricFog.HistoryMissSupersampleCount:4]]
[2019.01.12-01.15.19:262][  0]LogConfig: Setting CVar [[r.LightMaxDrawDistanceScale:1]]
[2019.01.12-01.15.19:262][  0]LogConfig: Setting CVar [[r.CapsuleShadows:1]]
[2019.01.12-01.15.19:262][  0]LogConfig: Applying CVar settings from Section [PostProcessQuality@3] File [C:/Users/nope/Desktop/GitRepos/UnrealStack/StackerGame 4.21/Saved/Config/Windows/Scalability.ini]
[2019.01.12-01.15.19:262][  0]LogConfig: Setting CVar [[r.MotionBlurQuality:4]]
[2019.01.12-01.15.19:262][  0]LogConfig: Setting CVar [[r.AmbientOcclusionMipLevelFactor:0.4]]
[2019.01.12-01.15.19:262][  0]LogConfig: Setting CVar [[r.AmbientOcclusionMaxQuality:100]]
[2019.01.12-01.15.19:262][  0]LogConfig: Setting CVar [[r.AmbientOcclusionLevels:-1]]
[2019.01.12-01.15.19:262][  0]LogConfig: Setting CVar [[r.AmbientOcclusionRadiusScale:1.0]]
[2019.01.12-01.15.19:262][  0]LogConfig: Setting CVar [[r.DepthOfFieldQuality:2]]
[2019.01.12-01.15.19:262][  0]LogConsoleManager: Setting the console variable 'r.DepthOfFieldQuality' with 'SetByScalability' was ignored as it is lower priority than the previous 'SetByDeviceProfile'. Value remains '1'
[2019.01.12-01.15.19:262][  0]LogConfig: Setting CVar [[r.RenderTargetPoolMin:400]]
[2019.01.12-01.15.19:262][  0]LogConfig: Setting CVar [[r.LensFlareQuality:2]]
[2019.01.12-01.15.19:262][  0]LogConfig: Setting CVar [[r.SceneColorFringeQuality:1]]
[2019.01.12-01.15.19:262][  0]LogConfig: Setting CVar [[r.EyeAdaptationQuality:2]]
[2019.01.12-01.15.19:262][  0]LogConfig: Setting CVar [[r.BloomQuality:5]]
[2019.01.12-01.15.19:262][  0]LogConsoleManager: Setting the console variable 'r.BloomQuality' with 'SetByScalability' was ignored as it is lower priority than the previous 'SetByDeviceProfile'. Value remains '1'
[2019.01.12-01.15.19:262][  0]LogConfig: Setting CVar [[r.FastBlurThreshold:100]]
[2019.01.12-01.15.19:262][  0]LogConfig: Setting CVar [[r.Upscale.Quality:3]]
[2019.01.12-01.15.19:262][  0]LogConfig: Setting CVar [[r.Tonemapper.GrainQuantization:1]]
[2019.01.12-01.15.19:262][  0]LogConfig: Setting CVar [[r.LightShaftQuality:1]]
[2019.01.12-01.15.19:262][  0]LogConsoleManager: Setting the console variable 'r.LightShaftQuality' with 'SetByScalability' was ignored as it is lower priority than the previous 'SetByDeviceProfile'. Value remains '1'
[2019.01.12-01.15.19:262][  0]LogConfig: Setting CVar [[r.Filter.SizeScale:1]]
[2019.01.12-01.15.19:262][  0]LogConfig: Setting CVar [[r.Tonemapper.Quality:5]]
[2019.01.12-01.15.19:262][  0]LogConfig: Setting CVar [[r.DOF.Gather.AccumulatorQuality:1        ; higher gathering accumulator quality]]
[2019.01.12-01.15.19:262][  0]LogConfig: Setting CVar [[r.DOF.Gather.PostfilterMethod:1          ; Median3x3 postfilering method]]
[2019.01.12-01.15.19:262][  0]LogConfig: Setting CVar [[r.DOF.Gather.EnableBokehSettings:0       ; no bokeh simulation when gathering]]
[2019.01.12-01.15.19:262][  0]LogConfig: Setting CVar [[r.DOF.Gather.RingCount:4                 ; medium number of samples when gathering]]
[2019.01.12-01.15.19:262][  0]LogConfig: Setting CVar [[r.DOF.Scatter.ForegroundCompositing:1    ; additive foreground scattering]]
[2019.01.12-01.15.19:262][  0]LogConfig: Setting CVar [[r.DOF.Scatter.BackgroundCompositing:2    ; additive background scattering]]
[2019.01.12-01.15.19:262][  0]LogConfig: Setting CVar [[r.DOF.Scatter.EnableBokehSettings:1      ; bokeh simulation when scattering]]
[2019.01.12-01.15.19:262][  0]LogConfig: Setting CVar [[r.DOF.Scatter.MaxSpriteRatio:0.1         ; only a maximum of 10% of scattered bokeh]]
[2019.01.12-01.15.19:262][  0]LogConfig: Setting CVar [[r.DOF.Recombine.Quality:1                ; cheap slight out of focus]]
[2019.01.12-01.15.19:262][  0]LogConfig: Setting CVar [[r.DOF.Recombine.EnableBokehSettings:0    ; no bokeh simulation on slight out of focus]]
[2019.01.12-01.15.19:262][  0]LogConfig: Setting CVar [[r.DOF.TemporalAAQuality:1                ; more stable temporal accumulation]]
[2019.01.12-01.15.19:262][  0]LogConfig: Setting CVar [[r.DOF.Kernel.MaxForegroundRadius:0.025]]
[2019.01.12-01.15.19:262][  0]LogConfig: Setting CVar [[r.DOF.Kernel.MaxBackgroundRadius:0.025]]
[2019.01.12-01.15.19:262][  0]LogConfig: Applying CVar settings from Section [TextureQuality@3] File [C:/Users/nope/Desktop/GitRepos/UnrealStack/StackerGame 4.21/Saved/Config/Windows/Scalability.ini]
[2019.01.12-01.15.19:262][  0]LogConfig: Setting CVar [[r.Streaming.MipBias:0]]
[2019.01.12-01.15.19:262][  0]LogConfig: Setting CVar [[r.Streaming.AmortizeCPUToGPUCopy:0]]
[2019.01.12-01.15.19:262][  0]LogConfig: Setting CVar [[r.Streaming.MaxNumTexturesToStreamPerFrame:0]]
[2019.01.12-01.15.19:262][  0]LogConfig: Setting CVar [[r.Streaming.Boost:1]]
[2019.01.12-01.15.19:262][  0]LogConfig: Setting CVar [[r.MaxAnisotropy:8]]
[2019.01.12-01.15.19:262][  0]LogConfig: Setting CVar [[r.Streaming.LimitPoolSizeToVRAM:0]]
[2019.01.12-01.15.19:262][  0]LogConfig: Setting CVar [[r.Streaming.PoolSize:1000]]
[2019.01.12-01.15.19:262][  0]LogConfig: Setting CVar [[r.Streaming.MaxEffectiveScreenSize:0]]
[2019.01.12-01.15.19:262][  0]LogConfig: Applying CVar settings from Section [EffectsQuality@3] File [C:/Users/nope/Desktop/GitRepos/UnrealStack/StackerGame 4.21/Saved/Config/Windows/Scalability.ini]
[2019.01.12-01.15.19:262][  0]LogConfig: Setting CVar [[r.TranslucencyLightingVolumeDim:64]]
[2019.01.12-01.15.19:262][  0]LogConfig: Setting CVar [[r.RefractionQuality:2]]
[2019.01.12-01.15.19:262][  0]LogConsoleManager: Setting the console variable 'r.RefractionQuality' with 'SetByScalability' was ignored as it is lower priority than the previous 'SetByDeviceProfile'. Value remains '1'
[2019.01.12-01.15.19:262][  0]LogConfig: Setting CVar [[r.SSR.Quality:3]]
[2019.01.12-01.15.19:262][  0]LogConfig: Setting CVar [[r.SceneColorFormat:4]]
[2019.01.12-01.15.19:262][  0]LogConfig: Setting CVar [[r.DetailMode:2]]
[2019.01.12-01.15.19:262][  0]LogConfig: Setting CVar [[r.TranslucencyVolumeBlur:1]]
[2019.01.12-01.15.19:262][  0]LogConfig: Setting CVar [[r.MaterialQualityLevel:1 ; High quality]]
[2019.01.12-01.15.19:262][  0]LogConfig: Setting CVar [[r.SSS.Scale:1]]
[2019.01.12-01.15.19:262][  0]LogConfig: Setting CVar [[r.SSS.SampleSet:2]]
[2019.01.12-01.15.19:262][  0]LogConfig: Setting CVar [[r.SSS.Quality:1]]
[2019.01.12-01.15.19:263][  0]LogConfig: Setting CVar [[r.SSS.HalfRes:1]]
[2019.01.12-01.15.19:263][  0]LogConfig: Setting CVar [[r.EmitterSpawnRateScale:1.0]]
[2019.01.12-01.15.19:263][  0]LogConfig: Setting CVar [[r.ParticleLightQuality:2]]
[2019.01.12-01.15.19:263][  0]LogConfig: Applying CVar settings from Section [FoliageQuality@3] File [C:/Users/nope/Desktop/GitRepos/UnrealStack/StackerGame 4.21/Saved/Config/Windows/Scalability.ini]
[2019.01.12-01.15.19:263][  0]LogConfig: Setting CVar [[foliage.DensityScale:1.0]]
[2019.01.12-01.15.19:263][  0]LogConfig: Setting CVar [[grass.DensityScale:1.0]]
[2019.01.12-01.15.19:263][  0]LogConfig: Applying CVar settings from Section [Startup] File [../../../Engine/Config/ConsoleVariables.ini]
[2019.01.12-01.15.19:263][  0]LogConfig: Setting CVar [[net.UseAdaptiveNetUpdateFrequency:0]]
[2019.01.12-01.15.19:263][  0]LogConfig: Applying CVar settings from Section [ConsoleVariables] File [C:/Users/nope/Desktop/GitRepos/UnrealStack/StackerGame 4.21/Saved/Config/Windows/Engine.ini]
[2019.01.12-01.15.19:263][  0]LogInit: Computer: DESKTOP-VPEBSJI
[2019.01.12-01.15.19:263][  0]LogInit: User: nope
[2019.01.12-01.15.19:263][  0]LogInit: CPU Page size=4096, Cores=4
[2019.01.12-01.15.19:263][  0]LogInit: High frequency timer resolution =2.742191 MHz
[2019.01.12-01.15.19:263][  0]LogMemory: Memory total: Physical=15.8GB (16GB approx)
[2019.01.12-01.15.19:263][  0]LogMemory: Platform Memory Stats for Windows
[2019.01.12-01.15.19:264][  0]LogMemory: Process Physical Memory: 105.31 MB used, 105.31 MB peak
[2019.01.12-01.15.19:264][  0]LogMemory: Process Virtual Memory: 90.10 MB used, 90.10 MB peak
[2019.01.12-01.15.19:264][  0]LogMemory: Physical Memory: 7465.46 MB used,  8733.18 MB free, 16198.64 MB total
[2019.01.12-01.15.19:264][  0]LogMemory: Virtual Memory: 4647.47 MB used,  134213080.00 MB free, 134217728.00 MB total
[2019.01.12-01.15.19:282][  0]LogInit: Using OS detected language (en-US).
[2019.01.12-01.15.19:282][  0]LogInit: Using OS detected locale (en-US).
[2019.01.12-01.15.19:283][  0]LogTextLocalizationManager: No specific localization for 'en-US' exists, so the 'en' localization will be used.
[2019.01.12-01.15.19:816][  0]LogStreaming: Display: Took  0.533s to InitEngineTextLocalization.
[2019.01.12-01.15.19:817][  0]LogInit: Setting process to per monitor DPI aware
[2019.01.12-01.15.19:869][  0]LogSlate: New Slate User Created.  User Index 0, Is Virtual User: 0
[2019.01.12-01.15.19:869][  0]LogSlate: Slate User Registered.  User Index 0, Is Virtual User: 0
[2019.01.12-01.15.19:917][  0]LogHMD: Failed to initialize OpenVR with code 110
[2019.01.12-01.15.19:917][  0]LogD3D11RHI: D3D11 adapters:
[2019.01.12-01.15.20:003][  0]LogD3D11RHI:    0. 'NVIDIA GeForce GTX 1050' (Feature Level 11_0)
[2019.01.12-01.15.20:003][  0]LogD3D11RHI:       4021/0/8099 MB DedicatedVideo/DedicatedSystem/SharedSystem, Outputs:2, VendorId:0x10de
[2019.01.12-01.15.20:017][  0]LogD3D11RHI:    1. 'Intel(R) HD Graphics 630' (Feature Level 11_0)
[2019.01.12-01.15.20:017][  0]LogD3D11RHI:       128/0/8099 MB DedicatedVideo/DedicatedSystem/SharedSystem, Outputs:0, VendorId:0x8086
[2019.01.12-01.15.20:020][  0]LogD3D11RHI:    2. 'Microsoft Basic Render Driver' (Feature Level 11_0)
[2019.01.12-01.15.20:020][  0]LogD3D11RHI:       0/0/8099 MB DedicatedVideo/DedicatedSystem/SharedSystem, Outputs:0, VendorId:0x1414
[2019.01.12-01.15.20:020][  0]LogD3D11RHI: Chosen D3D11 Adapter: 0
[2019.01.12-01.15.20:063][  0]LogD3D11RHI: Creating new Direct3DDevice
[2019.01.12-01.15.20:063][  0]LogD3D11RHI:     GPU DeviceId: 0x1c8d (for the marketing name, search the web for "GPU Device Id")
[2019.01.12-01.15.20:063][  0]LogWindows: EnumDisplayDevices:
[2019.01.12-01.15.20:063][  0]LogWindows:    0. 'Intel(R) HD Graphics 630' (P:1 D:1)
[2019.01.12-01.15.20:064][  0]LogWindows:    1. 'Intel(R) HD Graphics 630' (P:0 D:1)
[2019.01.12-01.15.20:064][  0]LogWindows:    2. 'Intel(R) HD Graphics 630' (P:0 D:0)
[2019.01.12-01.15.20:064][  0]LogWindows: DebugString: PrimaryIsNotTheChoosenAdapter PrimaryIsNotTheChoosenAdapter PrimaryIsNotTheChoosenAdapter FoundDriverCount:0 
[2019.01.12-01.15.20:064][  0]LogD3D11RHI:     Adapter Name: NVIDIA GeForce GTX 1050
[2019.01.12-01.15.20:064][  0]LogD3D11RHI:   Driver Version: Unknown (internal:Unknown, unified:Unknown)
[2019.01.12-01.15.20:064][  0]LogD3D11RHI:      Driver Date: Unknown
[2019.01.12-01.15.20:064][  0]LogRHI: Texture pool is 2814 MB (70% of 4021 MB)
[2019.01.12-01.15.20:124][  0]LogD3D11RHI: Async texture creation enabled
[2019.01.12-01.15.20:146][  0]LogD3D11RHI: GPU Timing Frequency: 1000.000000 (Debug: 2 2)
[2019.01.12-01.15.20:581][  0]LogTemp: Display: Loaded TP WindowsClientTargetPlatform
[2019.01.12-01.15.20:599][  0]LogTemp: Display: Loaded TP WindowsNoEditorTargetPlatform
[2019.01.12-01.15.20:619][  0]LogTemp: Display: Loaded TP WindowsServerTargetPlatform
[2019.01.12-01.15.20:642][  0]LogTemp: Display: Loaded TP WindowsTargetPlatform
[2019.01.12-01.15.20:642][  0]LogTargetPlatformManager: Display: Building Assets For Windows
[2019.01.12-01.15.20:711][  0]LogShaderCompilers: Guid format shader working directory is -30 characters bigger than the processId version (../../../../../../Users/nope/Desktop/GitRepos/UnrealStack/StackerGame 4.21/Intermediate/Shaders/WorkingDirectory/16448/).
[2019.01.12-01.15.20:711][  0]LogShaderCompilers: Cleaned the shader compiler working directory 'C:/Users/nope/AppData/Local/Temp/UnrealShaderWorkingDir/46F44D054892B285D63193BDA9FA4368/'.
[2019.01.12-01.15.20:714][  0]LogXGEController: Cannot use XGE Controller as Incredibuild is not installed on this machine.
[2019.01.12-01.15.20:714][  0]LogShaderCompilers: Cannot use XGE Shader Compiler as Incredibuild is not installed on this machine.
[2019.01.12-01.15.20:714][  0]LogShaderCompilers: Display: Using Local Shader Compiler.
[2019.01.12-01.15.21:352][  0]LogDerivedDataCache: Display: Max Cache Size: 512 MB
[2019.01.12-01.15.21:434][  0]LogDerivedDataCache: Loaded boot cache 0.08s 84MB C:/Users/nope/AppData/Local/UnrealEngine/4.21/DerivedDataCache/Boot.ddc.
[2019.01.12-01.15.21:434][  0]LogDerivedDataCache: Display: Loaded Boot cache: C:/Users/nope/AppData/Local/UnrealEngine/4.21/DerivedDataCache/Boot.ddc
[2019.01.12-01.15.21:434][  0]LogDerivedDataCache: FDerivedDataBackendGraph:  Pak pak cache file ../../../../../../Users/nope/Desktop/GitRepos/UnrealStack/StackerGame 4.21/DerivedDataCache/DDC.ddp not found, will not use a pak cache.
[2019.01.12-01.15.21:435][  0]LogDerivedDataCache: Unable to find inner node Pak for hierarchical cache Hierarchy.
[2019.01.12-01.15.21:435][  0]LogDerivedDataCache: FDerivedDataBackendGraph:  CompressedPak pak cache file ../../../../../../Users/nope/Desktop/GitRepos/UnrealStack/StackerGame 4.21/DerivedDataCache/Compressed.ddp not found, will not use a pak cache.
[2019.01.12-01.15.21:435][  0]LogDerivedDataCache: Unable to find inner node CompressedPak for hierarchical cache Hierarchy.
[2019.01.12-01.15.21:452][  0]LogDerivedDataCache: Display: Pak cache opened for reading ../../../Engine/DerivedDataCache/Compressed.ddp.
[2019.01.12-01.15.21:452][  0]LogDerivedDataCache: FDerivedDataBackendGraph:  EnterprisePak pak cache file ../../../Enterprise/DerivedDataCache/Compressed.ddp not found, will not use a pak cache.
[2019.01.12-01.15.21:452][  0]LogDerivedDataCache: Unable to find inner node EnterprisePak for hierarchical cache Hierarchy.
[2019.01.12-01.15.21:463][  0]LogDerivedDataCache: Using Local data cache path C:/Users/nope/AppData/Local/UnrealEngine/Common/DerivedDataCache: Writable
[2019.01.12-01.15.21:463][  0]LogDerivedDataCache: Shared data cache path not found in *engine.ini, will not use an Shared cache.
[2019.01.12-01.15.21:463][  0]LogDerivedDataCache: Unable to find inner node Shared for hierarchical cache Hierarchy.
[2019.01.12-01.15.21:469][  0]LogMaterial: Verifying Global Shaders for PCD3D_ES2
[2019.01.12-01.15.21:984][  0]LogShaderCompilers: Display: Shaders left to compile 587
[2019.01.12-01.15.21:984][  0]LogShaderCompilers: Display: Shaders left to compile 586
[2019.01.12-01.15.21:984][  0]LogShaderCompilers: Display: Shaders left to compile 585
[2019.01.12-01.15.21:984][  0]LogShaderCompilers: Display: Shaders left to compile 584
[2019.01.12-01.15.21:984][  0]LogShaderCompilers: Display: Shaders left to compile 583
[2019.01.12-01.15.21:984][  0]LogSlate: Using FreeType 2.6.0
[2019.01.12-01.15.21:985][  0]LogSlate: SlateFontServices - WITH_FREETYPE: 1, WITH_HARFBUZZ: 1
